2023-02-02 07:06:38,511 INFO o.s.b.StartupInfoLogger [main] Starting StaticPagesControllerTest using Java 19.0.2 with PID 3717 (started by matheuz in /home/matheuz/open-source-projects/baixaIssooWebSite)
2023-02-02 07:06:38,515 INFO o.s.b.SpringApplication [main] The following 1 profile is active: "dev"
2023-02-02 07:06:39,511 INFO o.s.d.r.c.RepositoryConfigurationDelegate [main] Bootstrapping Spring Data JPA repositories in DEFAULT mode.
2023-02-02 07:06:39,570 INFO o.s.d.r.c.RepositoryConfigurationDelegate [main] Finished Spring Data repository scanning in 49 ms. Found 2 JPA repository interfaces.
2023-02-02 07:06:40,044 INFO c.z.h.HikariDataSource [main] HikariPool-1 - Starting...
2023-02-02 07:06:40,208 INFO c.z.h.p.HikariPool [main] HikariPool-1 - Added connection conn0: url=jdbc:h2:mem:testdb user=SA
2023-02-02 07:06:40,210 INFO c.z.h.HikariDataSource [main] HikariPool-1 - Start completed.
2023-02-02 07:06:40,377 INFO o.h.j.i.u.LogHelper [main] HHH000204: Processing PersistenceUnitInfo [name: default]
2023-02-02 07:06:40,444 INFO o.h.Version [main] HHH000412: Hibernate ORM core version 6.1.6.Final
2023-02-02 07:06:40,610 WARN o.h.b.i.MetadataBuilderImpl$MetadataBuildingOptionsImpl [main] HHH90000021: Encountered deprecated setting [javax.persistence.sharedCache.mode], use [jakarta.persistence.sharedCache.mode] instead
2023-02-02 07:06:40,734 INFO o.h.e.j.d.i.DialectFactoryImpl [main] HHH000400: Using dialect: org.hibernate.dialect.H2Dialect
2023-02-02 07:06:41,447 INFO o.h.e.t.j.p.i.JtaPlatformInitiator [main] HHH000490: Using JtaPlatform implementation: [org.hibernate.engine.transaction.jta.platform.internal.NoJtaPlatform]
2023-02-02 07:06:41,455 INFO o.s.o.j.AbstractEntityManagerFactoryBean [main] Initialized JPA EntityManagerFactory for persistence unit 'default'
2023-02-02 07:06:41,845 WARN o.s.b.a.o.j.JpaBaseConfiguration$JpaWebConfiguration [main] spring.jpa.open-in-view is enabled by default. Therefore, database queries may be performed during view rendering. Explicitly configure spring.jpa.open-in-view to disable this warning
2023-02-02 07:06:41,888 WARN o.s.b.a.s.s.UserDetailsServiceAutoConfiguration [main] 

Using generated security password: fa319cef-a755-49bb-bfd2-934940687157

This generated password is for development use only. Your security configuration must be updated before running your application in production.

2023-02-02 07:06:42,056 INFO o.s.s.w.DefaultSecurityFilterChain [main] Will secure any request with [org.springframework.security.web.session.DisableEncodeUrlFilter@64745270, org.springframework.security.web.context.request.async.WebAsyncManagerIntegrationFilter@596d17f4, org.springframework.security.web.context.SecurityContextHolderFilter@2e590e36, org.springframework.security.web.header.HeaderWriterFilter@470ad01c, org.springframework.security.web.authentication.logout.LogoutFilter@65fe1f47, org.springframework.security.web.savedrequest.RequestCacheAwareFilter@752e4223, org.springframework.security.web.servletapi.SecurityContextHolderAwareRequestFilter@3eb8057c, org.springframework.security.web.authentication.AnonymousAuthenticationFilter@35a2ea5a, org.springframework.security.web.access.ExceptionTranslationFilter@15ca7322, org.springframework.security.web.access.intercept.AuthorizationFilter@630bd5e7]
2023-02-02 07:06:42,844 INFO o.s.m.w.MockServletContext [main] Initializing Spring TestDispatcherServlet ''
2023-02-02 07:06:42,845 INFO o.s.w.s.FrameworkServlet [main] Initializing Servlet ''
2023-02-02 07:06:42,860 INFO o.s.b.a.e.w.EndpointLinksResolver [main] Exposing 1 endpoint(s) beneath base path '/actuator'
2023-02-02 07:06:42,875 INFO o.s.w.s.FrameworkServlet [main] Completed initialization in 30 ms
2023-02-02 07:06:42,973 INFO o.s.b.StartupInfoLogger [main] Started StaticPagesControllerTest in 4.965 seconds (process running for 6.053)
2023-02-02 07:06:43,382 INFO o.s.o.j.AbstractEntityManagerFactoryBean [SpringApplicationShutdownHook] Closing JPA EntityManagerFactory for persistence unit 'default'
2023-02-02 07:06:43,386 INFO c.z.h.HikariDataSource [SpringApplicationShutdownHook] HikariPool-1 - Shutdown initiated...
2023-02-02 07:06:43,390 INFO c.z.h.HikariDataSource [SpringApplicationShutdownHook] HikariPool-1 - Shutdown completed.
2023-02-02 07:06:56,017 INFO o.s.b.StartupInfoLogger [main] Starting StaticPagesControllerTest using Java 19.0.2 with PID 3795 (started by matheuz in /home/matheuz/open-source-projects/baixaIssooWebSite)
2023-02-02 07:06:56,019 INFO o.s.b.SpringApplication [main] The following 1 profile is active: "dev"
2023-02-02 07:06:56,956 INFO o.s.d.r.c.RepositoryConfigurationDelegate [main] Bootstrapping Spring Data JPA repositories in DEFAULT mode.
2023-02-02 07:06:57,021 INFO o.s.d.r.c.RepositoryConfigurationDelegate [main] Finished Spring Data repository scanning in 52 ms. Found 2 JPA repository interfaces.
2023-02-02 07:06:57,471 INFO c.z.h.HikariDataSource [main] HikariPool-1 - Starting...
2023-02-02 07:06:57,630 INFO c.z.h.p.HikariPool [main] HikariPool-1 - Added connection conn0: url=jdbc:h2:mem:testdb user=SA
2023-02-02 07:06:57,631 INFO c.z.h.HikariDataSource [main] HikariPool-1 - Start completed.
2023-02-02 07:06:57,785 INFO o.h.j.i.u.LogHelper [main] HHH000204: Processing PersistenceUnitInfo [name: default]
2023-02-02 07:06:57,828 INFO o.h.Version [main] HHH000412: Hibernate ORM core version 6.1.6.Final
2023-02-02 07:06:57,960 WARN o.h.b.i.MetadataBuilderImpl$MetadataBuildingOptionsImpl [main] HHH90000021: Encountered deprecated setting [javax.persistence.sharedCache.mode], use [jakarta.persistence.sharedCache.mode] instead
2023-02-02 07:06:58,077 INFO o.h.e.j.d.i.DialectFactoryImpl [main] HHH000400: Using dialect: org.hibernate.dialect.H2Dialect
2023-02-02 07:06:58,709 INFO o.h.e.t.j.p.i.JtaPlatformInitiator [main] HHH000490: Using JtaPlatform implementation: [org.hibernate.engine.transaction.jta.platform.internal.NoJtaPlatform]
2023-02-02 07:06:58,716 INFO o.s.o.j.AbstractEntityManagerFactoryBean [main] Initialized JPA EntityManagerFactory for persistence unit 'default'
2023-02-02 07:06:59,088 WARN o.s.b.a.o.j.JpaBaseConfiguration$JpaWebConfiguration [main] spring.jpa.open-in-view is enabled by default. Therefore, database queries may be performed during view rendering. Explicitly configure spring.jpa.open-in-view to disable this warning
2023-02-02 07:06:59,122 WARN o.s.b.a.s.s.UserDetailsServiceAutoConfiguration [main] 

Using generated security password: 849ce8f2-eaa1-451f-bd10-72a887141f60

This generated password is for development use only. Your security configuration must be updated before running your application in production.

2023-02-02 07:06:59,272 INFO o.s.s.w.DefaultSecurityFilterChain [main] Will secure any request with [org.springframework.security.web.session.DisableEncodeUrlFilter@66428512, org.springframework.security.web.context.request.async.WebAsyncManagerIntegrationFilter@e21d73, org.springframework.security.web.context.SecurityContextHolderFilter@6ba02f70, org.springframework.security.web.header.HeaderWriterFilter@397f925e, org.springframework.security.web.authentication.logout.LogoutFilter@363a09a2, org.springframework.security.web.savedrequest.RequestCacheAwareFilter@2148849f, org.springframework.security.web.servletapi.SecurityContextHolderAwareRequestFilter@6dc5e857, org.springframework.security.web.authentication.AnonymousAuthenticationFilter@7a482b3a, org.springframework.security.web.access.ExceptionTranslationFilter@485547ac, org.springframework.security.web.access.intercept.AuthorizationFilter@6e111aeb]
2023-02-02 07:06:59,960 INFO o.s.m.w.MockServletContext [main] Initializing Spring TestDispatcherServlet ''
2023-02-02 07:06:59,961 INFO o.s.w.s.FrameworkServlet [main] Initializing Servlet ''
2023-02-02 07:06:59,977 INFO o.s.b.a.e.w.EndpointLinksResolver [main] Exposing 1 endpoint(s) beneath base path '/actuator'
2023-02-02 07:06:59,990 INFO o.s.w.s.FrameworkServlet [main] Completed initialization in 29 ms
2023-02-02 07:07:00,062 INFO o.s.b.StartupInfoLogger [main] Started StaticPagesControllerTest in 4.5 seconds (process running for 5.431)
2023-02-02 07:07:00,599 INFO o.s.o.j.AbstractEntityManagerFactoryBean [SpringApplicationShutdownHook] Closing JPA EntityManagerFactory for persistence unit 'default'
2023-02-02 07:07:00,602 INFO c.z.h.HikariDataSource [SpringApplicationShutdownHook] HikariPool-1 - Shutdown initiated...
2023-02-02 07:07:00,605 INFO c.z.h.HikariDataSource [SpringApplicationShutdownHook] HikariPool-1 - Shutdown completed.
2023-02-02 07:10:24,936 INFO o.s.b.StartupInfoLogger [main] Starting StaticPagesControllerTest using Java 19.0.2 with PID 4058 (started by matheuz in /home/matheuz/open-source-projects/baixaIssooWebSite)
2023-02-02 07:10:24,939 INFO o.s.b.SpringApplication [main] The following 1 profile is active: "dev"
2023-02-02 07:10:25,812 INFO o.s.d.r.c.RepositoryConfigurationDelegate [main] Bootstrapping Spring Data JPA repositories in DEFAULT mode.
2023-02-02 07:10:25,874 INFO o.s.d.r.c.RepositoryConfigurationDelegate [main] Finished Spring Data repository scanning in 53 ms. Found 2 JPA repository interfaces.
2023-02-02 07:10:26,314 INFO c.z.h.HikariDataSource [main] HikariPool-1 - Starting...
2023-02-02 07:10:26,455 INFO c.z.h.p.HikariPool [main] HikariPool-1 - Added connection conn0: url=jdbc:h2:mem:testdb user=SA
2023-02-02 07:10:26,457 INFO c.z.h.HikariDataSource [main] HikariPool-1 - Start completed.
2023-02-02 07:10:26,616 INFO o.h.j.i.u.LogHelper [main] HHH000204: Processing PersistenceUnitInfo [name: default]
2023-02-02 07:10:26,656 INFO o.h.Version [main] HHH000412: Hibernate ORM core version 6.1.6.Final
2023-02-02 07:10:26,782 WARN o.h.b.i.MetadataBuilderImpl$MetadataBuildingOptionsImpl [main] HHH90000021: Encountered deprecated setting [javax.persistence.sharedCache.mode], use [jakarta.persistence.sharedCache.mode] instead
2023-02-02 07:10:26,898 INFO o.h.e.j.d.i.DialectFactoryImpl [main] HHH000400: Using dialect: org.hibernate.dialect.H2Dialect
2023-02-02 07:10:27,461 INFO o.h.e.t.j.p.i.JtaPlatformInitiator [main] HHH000490: Using JtaPlatform implementation: [org.hibernate.engine.transaction.jta.platform.internal.NoJtaPlatform]
2023-02-02 07:10:27,468 INFO o.s.o.j.AbstractEntityManagerFactoryBean [main] Initialized JPA EntityManagerFactory for persistence unit 'default'
2023-02-02 07:10:27,835 WARN o.s.b.a.o.j.JpaBaseConfiguration$JpaWebConfiguration [main] spring.jpa.open-in-view is enabled by default. Therefore, database queries may be performed during view rendering. Explicitly configure spring.jpa.open-in-view to disable this warning
2023-02-02 07:10:27,872 WARN o.s.b.a.s.s.UserDetailsServiceAutoConfiguration [main] 

Using generated security password: b4d6bc78-0719-4049-b06a-18101d2aabdd

This generated password is for development use only. Your security configuration must be updated before running your application in production.

2023-02-02 07:10:28,047 INFO o.s.s.w.DefaultSecurityFilterChain [main] Will secure any request with [org.springframework.security.web.session.DisableEncodeUrlFilter@363a09a2, org.springframework.security.web.context.request.async.WebAsyncManagerIntegrationFilter@63d14dbf, org.springframework.security.web.context.SecurityContextHolderFilter@684bfba9, org.springframework.security.web.header.HeaderWriterFilter@be186df, org.springframework.security.web.authentication.logout.LogoutFilter@2b625e82, org.springframework.security.web.savedrequest.RequestCacheAwareFilter@6859bbd4, org.springframework.security.web.servletapi.SecurityContextHolderAwareRequestFilter@6d77d269, org.springframework.security.web.authentication.AnonymousAuthenticationFilter@67521a79, org.springframework.security.web.access.ExceptionTranslationFilter@470ad01c, org.springframework.security.web.access.intercept.AuthorizationFilter@f5b4ca6]
2023-02-02 07:10:28,802 INFO o.s.m.w.MockServletContext [main] Initializing Spring TestDispatcherServlet ''
2023-02-02 07:10:28,803 INFO o.s.w.s.FrameworkServlet [main] Initializing Servlet ''
2023-02-02 07:10:28,815 INFO o.s.b.a.e.w.EndpointLinksResolver [main] Exposing 1 endpoint(s) beneath base path '/actuator'
2023-02-02 07:10:28,828 INFO o.s.w.s.FrameworkServlet [main] Completed initialization in 24 ms
2023-02-02 07:10:28,897 INFO o.s.b.StartupInfoLogger [main] Started StaticPagesControllerTest in 4.385 seconds (process running for 5.332)
2023-02-02 07:10:29,239 INFO o.s.o.j.AbstractEntityManagerFactoryBean [SpringApplicationShutdownHook] Closing JPA EntityManagerFactory for persistence unit 'default'
2023-02-02 07:10:29,242 INFO c.z.h.HikariDataSource [SpringApplicationShutdownHook] HikariPool-1 - Shutdown initiated...
2023-02-02 07:10:29,245 INFO c.z.h.HikariDataSource [SpringApplicationShutdownHook] HikariPool-1 - Shutdown completed.
2023-02-02 07:32:43,319 INFO o.s.b.StartupInfoLogger [main] Starting StaticPagesControllerTest using Java 19.0.2 with PID 5862 (started by matheuz in /home/matheuz/open-source-projects/baixaIssooWebSite)
2023-02-02 07:32:43,321 INFO o.s.b.SpringApplication [main] The following 1 profile is active: "dev"
2023-02-02 07:32:44,193 INFO o.s.d.r.c.RepositoryConfigurationDelegate [main] Bootstrapping Spring Data JPA repositories in DEFAULT mode.
2023-02-02 07:32:44,266 INFO o.s.d.r.c.RepositoryConfigurationDelegate [main] Finished Spring Data repository scanning in 64 ms. Found 2 JPA repository interfaces.
2023-02-02 07:32:44,698 INFO c.z.h.HikariDataSource [main] HikariPool-1 - Starting...
2023-02-02 07:32:44,865 INFO c.z.h.p.HikariPool [main] HikariPool-1 - Added connection conn0: url=jdbc:h2:mem:testdb user=SA
2023-02-02 07:32:44,866 INFO c.z.h.HikariDataSource [main] HikariPool-1 - Start completed.
2023-02-02 07:32:45,006 INFO o.h.j.i.u.LogHelper [main] HHH000204: Processing PersistenceUnitInfo [name: default]
2023-02-02 07:32:45,054 INFO o.h.Version [main] HHH000412: Hibernate ORM core version 6.1.6.Final
2023-02-02 07:32:45,184 WARN o.h.b.i.MetadataBuilderImpl$MetadataBuildingOptionsImpl [main] HHH90000021: Encountered deprecated setting [javax.persistence.sharedCache.mode], use [jakarta.persistence.sharedCache.mode] instead
2023-02-02 07:32:45,304 INFO o.h.e.j.d.i.DialectFactoryImpl [main] HHH000400: Using dialect: org.hibernate.dialect.H2Dialect
2023-02-02 07:32:45,903 INFO o.h.e.t.j.p.i.JtaPlatformInitiator [main] HHH000490: Using JtaPlatform implementation: [org.hibernate.engine.transaction.jta.platform.internal.NoJtaPlatform]
2023-02-02 07:32:45,909 INFO o.s.o.j.AbstractEntityManagerFactoryBean [main] Initialized JPA EntityManagerFactory for persistence unit 'default'
2023-02-02 07:32:46,323 WARN o.s.b.a.o.j.JpaBaseConfiguration$JpaWebConfiguration [main] spring.jpa.open-in-view is enabled by default. Therefore, database queries may be performed during view rendering. Explicitly configure spring.jpa.open-in-view to disable this warning
2023-02-02 07:32:46,357 WARN o.s.b.a.s.s.UserDetailsServiceAutoConfiguration [main] 

Using generated security password: 843a49a9-d45f-4e58-b3d1-aa131ba5be6b

This generated password is for development use only. Your security configuration must be updated before running your application in production.

2023-02-02 07:32:46,515 INFO o.s.s.w.DefaultSecurityFilterChain [main] Will secure any request with [org.springframework.security.web.session.DisableEncodeUrlFilter@63d14dbf, org.springframework.security.web.context.request.async.WebAsyncManagerIntegrationFilter@67521a79, org.springframework.security.web.context.SecurityContextHolderFilter@6f9b5f01, org.springframework.security.web.header.HeaderWriterFilter@2c257c0a, org.springframework.security.web.authentication.logout.LogoutFilter@22657db1, org.springframework.security.web.savedrequest.RequestCacheAwareFilter@4a225014, org.springframework.security.web.servletapi.SecurityContextHolderAwareRequestFilter@350d9d23, org.springframework.security.web.authentication.AnonymousAuthenticationFilter@73839f22, org.springframework.security.web.access.ExceptionTranslationFilter@6e349258, org.springframework.security.web.access.intercept.AuthorizationFilter@260ccf0]
2023-02-02 07:32:47,154 INFO o.s.m.w.MockServletContext [main] Initializing Spring TestDispatcherServlet ''
2023-02-02 07:32:47,155 INFO o.s.w.s.FrameworkServlet [main] Initializing Servlet ''
2023-02-02 07:32:47,165 INFO o.s.b.a.e.w.EndpointLinksResolver [main] Exposing 1 endpoint(s) beneath base path '/actuator'
2023-02-02 07:32:47,175 INFO o.s.w.s.FrameworkServlet [main] Completed initialization in 19 ms
2023-02-02 07:32:47,253 INFO o.s.b.StartupInfoLogger [main] Started StaticPagesControllerTest in 4.36 seconds (process running for 5.279)
2023-02-02 07:32:47,545 INFO o.s.o.j.AbstractEntityManagerFactoryBean [SpringApplicationShutdownHook] Closing JPA EntityManagerFactory for persistence unit 'default'
2023-02-02 07:32:47,548 INFO c.z.h.HikariDataSource [SpringApplicationShutdownHook] HikariPool-1 - Shutdown initiated...
2023-02-02 07:32:47,551 INFO c.z.h.HikariDataSource [SpringApplicationShutdownHook] HikariPool-1 - Shutdown completed.
2023-02-02 07:32:56,191 INFO o.s.b.StartupInfoLogger [restartedMain] Starting BaixaissoowebsiteApplication using Java 19.0.2 with PID 5949 (/home/matheuz/open-source-projects/baixaIssooWebSite/target/classes started by matheuz in /home/matheuz/open-source-projects/baixaIssooWebSite)
2023-02-02 07:32:56,193 INFO o.s.b.SpringApplication [restartedMain] The following 1 profile is active: "dev"
2023-02-02 07:32:56,247 INFO o.s.b.l.DeferredLog [restartedMain] Devtools property defaults active! Set 'spring.devtools.add-properties' to 'false' to disable
2023-02-02 07:32:56,247 INFO o.s.b.l.DeferredLog [restartedMain] For additional web related logging consider setting the 'logging.level.web' property to 'DEBUG'
2023-02-02 07:32:57,182 INFO o.s.d.r.c.RepositoryConfigurationDelegate [restartedMain] Bootstrapping Spring Data JPA repositories in DEFAULT mode.
2023-02-02 07:32:57,244 INFO o.s.d.r.c.RepositoryConfigurationDelegate [restartedMain] Finished Spring Data repository scanning in 53 ms. Found 2 JPA repository interfaces.
2023-02-02 07:32:57,941 INFO o.s.b.w.e.t.TomcatWebServer [restartedMain] Tomcat initialized with port(s): 8080 (http)
2023-02-02 07:32:57,951 INFO o.a.j.l.DirectJDKLog [restartedMain] Initializing ProtocolHandler ["http-nio-8080"]
2023-02-02 07:32:57,952 INFO o.a.j.l.DirectJDKLog [restartedMain] Starting service [Tomcat]
2023-02-02 07:32:57,952 INFO o.a.j.l.DirectJDKLog [restartedMain] Starting Servlet engine: [Apache Tomcat/10.1.5]
2023-02-02 07:32:57,996 INFO o.a.j.l.DirectJDKLog [restartedMain] Initializing Spring embedded WebApplicationContext
2023-02-02 07:32:57,998 INFO o.s.b.w.s.c.ServletWebServerApplicationContext [restartedMain] Root WebApplicationContext: initialization completed in 1748 ms
2023-02-02 07:32:58,106 INFO c.z.h.HikariDataSource [restartedMain] HikariPool-1 - Starting...
2023-02-02 07:32:58,295 INFO c.z.h.p.HikariPool [restartedMain] HikariPool-1 - Added connection conn0: url=jdbc:h2:mem:testdb user=SA
2023-02-02 07:32:58,298 INFO c.z.h.HikariDataSource [restartedMain] HikariPool-1 - Start completed.
2023-02-02 07:32:58,308 INFO o.s.b.a.h.H2ConsoleAutoConfiguration [restartedMain] H2 console available at '/h2-console'. Database available at 'jdbc:h2:mem:testdb'
2023-02-02 07:32:58,541 INFO o.h.j.i.u.LogHelper [restartedMain] HHH000204: Processing PersistenceUnitInfo [name: default]
2023-02-02 07:32:58,589 INFO o.h.Version [restartedMain] HHH000412: Hibernate ORM core version 6.1.6.Final
2023-02-02 07:32:58,732 WARN o.h.b.i.MetadataBuilderImpl$MetadataBuildingOptionsImpl [restartedMain] HHH90000021: Encountered deprecated setting [javax.persistence.sharedCache.mode], use [jakarta.persistence.sharedCache.mode] instead
2023-02-02 07:32:58,843 INFO o.h.e.j.d.i.DialectFactoryImpl [restartedMain] HHH000400: Using dialect: org.hibernate.dialect.H2Dialect
2023-02-02 07:32:59,450 INFO o.h.e.t.j.p.i.JtaPlatformInitiator [restartedMain] HHH000490: Using JtaPlatform implementation: [org.hibernate.engine.transaction.jta.platform.internal.NoJtaPlatform]
2023-02-02 07:32:59,457 INFO o.s.o.j.AbstractEntityManagerFactoryBean [restartedMain] Initialized JPA EntityManagerFactory for persistence unit 'default'
2023-02-02 07:32:59,770 WARN o.s.b.a.o.j.JpaBaseConfiguration$JpaWebConfiguration [restartedMain] spring.jpa.open-in-view is enabled by default. Therefore, database queries may be performed during view rendering. Explicitly configure spring.jpa.open-in-view to disable this warning
2023-02-02 07:32:59,807 WARN o.s.b.a.s.s.UserDetailsServiceAutoConfiguration [restartedMain] 

Using generated security password: 8c43bb97-ff02-437f-b2f8-4f4d54ac30c4

This generated password is for development use only. Your security configuration must be updated before running your application in production.

2023-02-02 07:32:59,890 INFO o.s.s.w.DefaultSecurityFilterChain [restartedMain] Will secure any request with [org.springframework.security.web.session.DisableEncodeUrlFilter@174205, org.springframework.security.web.context.request.async.WebAsyncManagerIntegrationFilter@27a8466a, org.springframework.security.web.context.SecurityContextHolderFilter@4cd61b05, org.springframework.security.web.header.HeaderWriterFilter@7e710d58, org.springframework.security.web.authentication.logout.LogoutFilter@11d2f86e, org.springframework.security.web.savedrequest.RequestCacheAwareFilter@3940cd27, org.springframework.security.web.servletapi.SecurityContextHolderAwareRequestFilter@2fd5e34b, org.springframework.security.web.authentication.AnonymousAuthenticationFilter@3d118655, org.springframework.security.web.access.ExceptionTranslationFilter@5b6034fc, org.springframework.security.web.access.intercept.AuthorizationFilter@5bbf84e1]
2023-02-02 07:33:00,384 INFO o.s.b.d.a.OptionalLiveReloadServer [restartedMain] LiveReload server is running on port 35729
2023-02-02 07:33:00,395 INFO o.s.b.a.e.w.EndpointLinksResolver [restartedMain] Exposing 1 endpoint(s) beneath base path '/actuator'
2023-02-02 07:33:00,464 INFO o.a.j.l.DirectJDKLog [restartedMain] Starting ProtocolHandler ["http-nio-8080"]
2023-02-02 07:33:00,478 INFO o.s.b.w.e.t.TomcatWebServer [restartedMain] Tomcat started on port(s): 8080 (http) with context path ''
2023-02-02 07:33:00,493 INFO o.s.b.StartupInfoLogger [restartedMain] Started BaixaissoowebsiteApplication in 4.93 seconds (process running for 5.45)
2023-02-02 07:33:13,661 INFO o.a.j.l.DirectJDKLog [http-nio-8080-exec-1] Initializing Spring DispatcherServlet 'dispatcherServlet'
2023-02-02 07:33:13,662 INFO o.s.w.s.FrameworkServlet [http-nio-8080-exec-1] Initializing Servlet 'dispatcherServlet'
2023-02-02 07:33:13,663 INFO o.s.w.s.FrameworkServlet [http-nio-8080-exec-1] Completed initialization in 1 ms
2023-02-02 07:33:36,982 INFO o.s.o.j.AbstractEntityManagerFactoryBean [SpringApplicationShutdownHook] Closing JPA EntityManagerFactory for persistence unit 'default'
2023-02-02 07:33:37,369 WARN o.s.b.f.s.DisposableBeanAdapter [SpringApplicationShutdownHook] Invocation of destroy method failed on bean with name 'inMemoryDatabaseShutdownExecutor': org.h2.jdbc.JdbcSQLNonTransientConnectionException: Database is already closed (to disable automatic closing at VM shutdown, add ";DB_CLOSE_ON_EXIT=FALSE" to the db URL) [90121-214]
2023-02-02 07:33:37,371 INFO c.z.h.HikariDataSource [SpringApplicationShutdownHook] HikariPool-1 - Shutdown initiated...
2023-02-02 07:33:37,483 INFO c.z.h.HikariDataSource [SpringApplicationShutdownHook] HikariPool-1 - Shutdown completed.
2023-02-02 07:42:27,068 INFO o.s.b.StartupInfoLogger [main] Starting StaticPagesControllerTest using Java 19.0.2 with PID 7239 (started by matheuz in /home/matheuz/open-source-projects/baixaIssooWebSite)
2023-02-02 07:42:27,072 INFO o.s.b.SpringApplication [main] The following 1 profile is active: "dev"
2023-02-02 07:42:28,327 INFO o.s.d.r.c.RepositoryConfigurationDelegate [main] Bootstrapping Spring Data JPA repositories in DEFAULT mode.
2023-02-02 07:42:28,430 INFO o.s.d.r.c.RepositoryConfigurationDelegate [main] Finished Spring Data repository scanning in 86 ms. Found 2 JPA repository interfaces.
2023-02-02 07:42:29,255 INFO c.z.h.HikariDataSource [main] HikariPool-1 - Starting...
2023-02-02 07:42:29,508 INFO c.z.h.p.HikariPool [main] HikariPool-1 - Added connection conn0: url=jdbc:h2:mem:testdb user=SA
2023-02-02 07:42:29,512 INFO c.z.h.HikariDataSource [main] HikariPool-1 - Start completed.
2023-02-02 07:42:29,769 INFO o.h.j.i.u.LogHelper [main] HHH000204: Processing PersistenceUnitInfo [name: default]
2023-02-02 07:42:29,875 INFO o.h.Version [main] HHH000412: Hibernate ORM core version 6.1.6.Final
2023-02-02 07:42:30,197 WARN o.h.b.i.MetadataBuilderImpl$MetadataBuildingOptionsImpl [main] HHH90000021: Encountered deprecated setting [javax.persistence.sharedCache.mode], use [jakarta.persistence.sharedCache.mode] instead
2023-02-02 07:42:30,426 INFO o.h.e.j.d.i.DialectFactoryImpl [main] HHH000400: Using dialect: org.hibernate.dialect.H2Dialect
2023-02-02 07:42:31,731 INFO o.h.e.t.j.p.i.JtaPlatformInitiator [main] HHH000490: Using JtaPlatform implementation: [org.hibernate.engine.transaction.jta.platform.internal.NoJtaPlatform]
2023-02-02 07:42:31,763 INFO o.s.o.j.AbstractEntityManagerFactoryBean [main] Initialized JPA EntityManagerFactory for persistence unit 'default'
2023-02-02 07:42:32,505 WARN o.s.b.a.o.j.JpaBaseConfiguration$JpaWebConfiguration [main] spring.jpa.open-in-view is enabled by default. Therefore, database queries may be performed during view rendering. Explicitly configure spring.jpa.open-in-view to disable this warning
2023-02-02 07:42:32,568 WARN o.s.b.a.s.s.UserDetailsServiceAutoConfiguration [main] 

Using generated security password: 4ab3fa81-fdd4-442e-9aad-dd1df71f8289

This generated password is for development use only. Your security configuration must be updated before running your application in production.

2023-02-02 07:42:32,853 INFO o.s.s.w.DefaultSecurityFilterChain [main] Will secure any request with [org.springframework.security.web.session.DisableEncodeUrlFilter@7205a8b7, org.springframework.security.web.context.request.async.WebAsyncManagerIntegrationFilter@1ee126de, org.springframework.security.web.context.SecurityContextHolderFilter@6c6c93f8, org.springframework.security.web.header.HeaderWriterFilter@7b55f0a6, org.springframework.security.web.authentication.logout.LogoutFilter@304704ae, org.springframework.security.web.savedrequest.RequestCacheAwareFilter@3a720ae3, org.springframework.security.web.servletapi.SecurityContextHolderAwareRequestFilter@41736818, org.springframework.security.web.authentication.AnonymousAuthenticationFilter@22cce199, org.springframework.security.web.access.ExceptionTranslationFilter@6bbac73d, org.springframework.security.web.access.intercept.AuthorizationFilter@24890021]
2023-02-02 07:42:34,077 INFO o.s.m.w.MockServletContext [main] Initializing Spring TestDispatcherServlet ''
2023-02-02 07:42:34,078 INFO o.s.w.s.FrameworkServlet [main] Initializing Servlet ''
2023-02-02 07:42:34,101 INFO o.s.b.a.e.w.EndpointLinksResolver [main] Exposing 1 endpoint(s) beneath base path '/actuator'
2023-02-02 07:42:34,118 INFO o.s.w.s.FrameworkServlet [main] Completed initialization in 40 ms
2023-02-02 07:42:34,251 INFO o.s.b.StartupInfoLogger [main] Started StaticPagesControllerTest in 8.191 seconds (process running for 10.302)
2023-02-02 07:43:17,660 INFO o.s.o.j.AbstractEntityManagerFactoryBean [SpringApplicationShutdownHook] Closing JPA EntityManagerFactory for persistence unit 'default'
2023-02-02 07:43:17,663 INFO c.z.h.HikariDataSource [SpringApplicationShutdownHook] HikariPool-1 - Shutdown initiated...
2023-02-02 07:43:17,668 INFO c.z.h.HikariDataSource [SpringApplicationShutdownHook] HikariPool-1 - Shutdown completed.
2023-02-02 07:43:32,937 INFO o.s.b.StartupInfoLogger [main] Starting StaticPagesControllerTest using Java 19.0.2 with PID 7386 (started by matheuz in /home/matheuz/open-source-projects/baixaIssooWebSite)
2023-02-02 07:43:32,941 INFO o.s.b.SpringApplication [main] The following 1 profile is active: "dev"
2023-02-02 07:43:34,159 INFO o.s.d.r.c.RepositoryConfigurationDelegate [main] Bootstrapping Spring Data JPA repositories in DEFAULT mode.
2023-02-02 07:43:34,267 INFO o.s.d.r.c.RepositoryConfigurationDelegate [main] Finished Spring Data repository scanning in 90 ms. Found 2 JPA repository interfaces.
2023-02-02 07:43:35,051 INFO c.z.h.HikariDataSource [main] HikariPool-1 - Starting...
2023-02-02 07:43:35,288 INFO c.z.h.p.HikariPool [main] HikariPool-1 - Added connection conn0: url=jdbc:h2:mem:testdb user=SA
2023-02-02 07:43:35,293 INFO c.z.h.HikariDataSource [main] HikariPool-1 - Start completed.
2023-02-02 07:43:35,567 INFO o.h.j.i.u.LogHelper [main] HHH000204: Processing PersistenceUnitInfo [name: default]
2023-02-02 07:43:35,656 INFO o.h.Version [main] HHH000412: Hibernate ORM core version 6.1.6.Final
2023-02-02 07:43:35,984 WARN o.h.b.i.MetadataBuilderImpl$MetadataBuildingOptionsImpl [main] HHH90000021: Encountered deprecated setting [javax.persistence.sharedCache.mode], use [jakarta.persistence.sharedCache.mode] instead
2023-02-02 07:43:36,315 INFO o.h.e.j.d.i.DialectFactoryImpl [main] HHH000400: Using dialect: org.hibernate.dialect.H2Dialect
2023-02-02 07:43:37,561 INFO o.h.e.t.j.p.i.JtaPlatformInitiator [main] HHH000490: Using JtaPlatform implementation: [org.hibernate.engine.transaction.jta.platform.internal.NoJtaPlatform]
2023-02-02 07:43:37,589 INFO o.s.o.j.AbstractEntityManagerFactoryBean [main] Initialized JPA EntityManagerFactory for persistence unit 'default'
2023-02-02 07:43:38,296 WARN o.s.b.a.o.j.JpaBaseConfiguration$JpaWebConfiguration [main] spring.jpa.open-in-view is enabled by default. Therefore, database queries may be performed during view rendering. Explicitly configure spring.jpa.open-in-view to disable this warning
2023-02-02 07:43:38,364 WARN o.s.b.a.s.s.UserDetailsServiceAutoConfiguration [main] 

Using generated security password: 4a62bd66-5d66-4d1d-89a5-aff3ab53bd40

This generated password is for development use only. Your security configuration must be updated before running your application in production.

2023-02-02 07:43:38,662 INFO o.s.s.w.DefaultSecurityFilterChain [main] Will secure any request with [org.springframework.security.web.session.DisableEncodeUrlFilter@74070994, org.springframework.security.web.context.request.async.WebAsyncManagerIntegrationFilter@7c816f46, org.springframework.security.web.context.SecurityContextHolderFilter@6e475994, org.springframework.security.web.header.HeaderWriterFilter@47cf922d, org.springframework.security.web.authentication.logout.LogoutFilter@4dc16fc9, org.springframework.security.web.savedrequest.RequestCacheAwareFilter@1a99744a, org.springframework.security.web.servletapi.SecurityContextHolderAwareRequestFilter@75d9b73c, org.springframework.security.web.authentication.AnonymousAuthenticationFilter@7307ae6, org.springframework.security.web.access.ExceptionTranslationFilter@6c6c93f8, org.springframework.security.web.access.intercept.AuthorizationFilter@563bd6a4]
2023-02-02 07:43:39,934 INFO o.s.m.w.MockServletContext [main] Initializing Spring TestDispatcherServlet ''
2023-02-02 07:43:39,935 INFO o.s.w.s.FrameworkServlet [main] Initializing Servlet ''
2023-02-02 07:43:39,962 INFO o.s.b.a.e.w.EndpointLinksResolver [main] Exposing 1 endpoint(s) beneath base path '/actuator'
2023-02-02 07:43:39,983 INFO o.s.w.s.FrameworkServlet [main] Completed initialization in 48 ms
2023-02-02 07:43:40,140 INFO o.s.b.StartupInfoLogger [main] Started StaticPagesControllerTest in 8.252 seconds (process running for 9.863)
2023-02-02 07:44:33,545 WARN c.z.h.p.HikariPool$HouseKeeper [HikariPool-1 housekeeper] HikariPool-1 - Thread starvation or clock leap detected (housekeeper delta=58s151ms401µs799ns).
2023-02-02 07:44:37,555 INFO o.s.o.j.AbstractEntityManagerFactoryBean [SpringApplicationShutdownHook] Closing JPA EntityManagerFactory for persistence unit 'default'
2023-02-02 07:44:37,560 INFO c.z.h.HikariDataSource [SpringApplicationShutdownHook] HikariPool-1 - Shutdown initiated...
2023-02-02 07:44:37,565 INFO c.z.h.HikariDataSource [SpringApplicationShutdownHook] HikariPool-1 - Shutdown completed.
2023-02-02 08:07:49,573 INFO o.s.b.StartupInfoLogger [main] Starting StaticPagesControllerTest using Java 19.0.2 with PID 8560 (started by matheuz in /home/matheuz/open-source-projects/baixaIssooWebSite)
2023-02-02 08:07:49,575 INFO o.s.b.SpringApplication [main] The following 1 profile is active: "dev"
2023-02-02 08:07:50,520 INFO o.s.d.r.c.RepositoryConfigurationDelegate [main] Bootstrapping Spring Data JPA repositories in DEFAULT mode.
2023-02-02 08:07:50,577 INFO o.s.d.r.c.RepositoryConfigurationDelegate [main] Finished Spring Data repository scanning in 49 ms. Found 2 JPA repository interfaces.
2023-02-02 08:07:51,024 INFO c.z.h.HikariDataSource [main] HikariPool-1 - Starting...
2023-02-02 08:07:51,189 INFO c.z.h.p.HikariPool [main] HikariPool-1 - Added connection conn0: url=jdbc:h2:mem:testdb user=SA
2023-02-02 08:07:51,191 INFO c.z.h.HikariDataSource [main] HikariPool-1 - Start completed.
2023-02-02 08:07:51,326 INFO o.h.j.i.u.LogHelper [main] HHH000204: Processing PersistenceUnitInfo [name: default]
2023-02-02 08:07:51,381 INFO o.h.Version [main] HHH000412: Hibernate ORM core version 6.1.6.Final
2023-02-02 08:07:51,530 WARN o.h.b.i.MetadataBuilderImpl$MetadataBuildingOptionsImpl [main] HHH90000021: Encountered deprecated setting [javax.persistence.sharedCache.mode], use [jakarta.persistence.sharedCache.mode] instead
2023-02-02 08:07:51,644 INFO o.h.e.j.d.i.DialectFactoryImpl [main] HHH000400: Using dialect: org.hibernate.dialect.H2Dialect
2023-02-02 08:07:52,246 INFO o.h.e.t.j.p.i.JtaPlatformInitiator [main] HHH000490: Using JtaPlatform implementation: [org.hibernate.engine.transaction.jta.platform.internal.NoJtaPlatform]
2023-02-02 08:07:52,254 INFO o.s.o.j.AbstractEntityManagerFactoryBean [main] Initialized JPA EntityManagerFactory for persistence unit 'default'
2023-02-02 08:07:52,616 WARN o.s.b.a.o.j.JpaBaseConfiguration$JpaWebConfiguration [main] spring.jpa.open-in-view is enabled by default. Therefore, database queries may be performed during view rendering. Explicitly configure spring.jpa.open-in-view to disable this warning
2023-02-02 08:07:52,654 WARN o.s.b.a.s.s.UserDetailsServiceAutoConfiguration [main] 

Using generated security password: e5f98805-5d83-4f44-a93e-b4da256e3972

This generated password is for development use only. Your security configuration must be updated before running your application in production.

2023-02-02 08:07:52,796 INFO o.s.s.w.DefaultSecurityFilterChain [main] Will secure any request with [org.springframework.security.web.session.DisableEncodeUrlFilter@5325674a, org.springframework.security.web.context.request.async.WebAsyncManagerIntegrationFilter@6a0aa5e2, org.springframework.security.web.context.SecurityContextHolderFilter@7d12fb85, org.springframework.security.web.header.HeaderWriterFilter@3af6c672, org.springframework.security.web.authentication.logout.LogoutFilter@c3a1d7f, org.springframework.security.web.savedrequest.RequestCacheAwareFilter@470ad01c, org.springframework.security.web.servletapi.SecurityContextHolderAwareRequestFilter@3fc2a1d1, org.springframework.security.web.authentication.AnonymousAuthenticationFilter@630bd5e7, org.springframework.security.web.access.ExceptionTranslationFilter@6af0407c, org.springframework.security.web.access.intercept.AuthorizationFilter@2b625e82]
2023-02-02 08:07:53,451 INFO o.s.m.w.MockServletContext [main] Initializing Spring TestDispatcherServlet ''
2023-02-02 08:07:53,452 INFO o.s.w.s.FrameworkServlet [main] Initializing Servlet ''
2023-02-02 08:07:53,461 INFO o.s.b.a.e.w.EndpointLinksResolver [main] Exposing 1 endpoint(s) beneath base path '/actuator'
2023-02-02 08:07:53,472 INFO o.s.w.s.FrameworkServlet [main] Completed initialization in 20 ms
2023-02-02 08:07:53,527 INFO o.s.b.StartupInfoLogger [main] Started StaticPagesControllerTest in 4.437 seconds (process running for 5.313)
2023-02-02 08:07:53,744 INFO o.s.m.w.MockServletContext [main] Initializing Spring TestDispatcherServlet ''
2023-02-02 08:07:53,744 INFO o.s.w.s.FrameworkServlet [main] Initializing Servlet ''
2023-02-02 08:07:53,745 INFO o.s.w.s.FrameworkServlet [main] Completed initialization in 0 ms
2023-02-02 08:07:53,753 WARN o.s.w.s.DispatcherServlet [main] No mapping for GET /something-invalid
2023-02-02 08:07:53,774 INFO o.s.o.j.AbstractEntityManagerFactoryBean [SpringApplicationShutdownHook] Closing JPA EntityManagerFactory for persistence unit 'default'
2023-02-02 08:07:53,776 INFO c.z.h.HikariDataSource [SpringApplicationShutdownHook] HikariPool-1 - Shutdown initiated...
2023-02-02 08:07:53,780 INFO c.z.h.HikariDataSource [SpringApplicationShutdownHook] HikariPool-1 - Shutdown completed.
2023-02-02 08:09:38,376 INFO o.s.b.StartupInfoLogger [main] Starting StaticPagesControllerTest using Java 19.0.2 with PID 8826 (started by matheuz in /home/matheuz/open-source-projects/baixaIssooWebSite)
2023-02-02 08:09:38,378 INFO o.s.b.SpringApplication [main] The following 1 profile is active: "dev"
2023-02-02 08:09:39,261 INFO o.s.d.r.c.RepositoryConfigurationDelegate [main] Bootstrapping Spring Data JPA repositories in DEFAULT mode.
2023-02-02 08:09:39,327 INFO o.s.d.r.c.RepositoryConfigurationDelegate [main] Finished Spring Data repository scanning in 57 ms. Found 2 JPA repository interfaces.
2023-02-02 08:09:39,773 INFO c.z.h.HikariDataSource [main] HikariPool-1 - Starting...
2023-02-02 08:09:39,921 INFO c.z.h.p.HikariPool [main] HikariPool-1 - Added connection conn0: url=jdbc:h2:mem:testdb user=SA
2023-02-02 08:09:39,922 INFO c.z.h.HikariDataSource [main] HikariPool-1 - Start completed.
2023-02-02 08:09:40,090 INFO o.h.j.i.u.LogHelper [main] HHH000204: Processing PersistenceUnitInfo [name: default]
2023-02-02 08:09:40,136 INFO o.h.Version [main] HHH000412: Hibernate ORM core version 6.1.6.Final
2023-02-02 08:09:40,263 WARN o.h.b.i.MetadataBuilderImpl$MetadataBuildingOptionsImpl [main] HHH90000021: Encountered deprecated setting [javax.persistence.sharedCache.mode], use [jakarta.persistence.sharedCache.mode] instead
2023-02-02 08:09:40,372 INFO o.h.e.j.d.i.DialectFactoryImpl [main] HHH000400: Using dialect: org.hibernate.dialect.H2Dialect
2023-02-02 08:09:40,975 INFO o.h.e.t.j.p.i.JtaPlatformInitiator [main] HHH000490: Using JtaPlatform implementation: [org.hibernate.engine.transaction.jta.platform.internal.NoJtaPlatform]
2023-02-02 08:09:40,982 INFO o.s.o.j.AbstractEntityManagerFactoryBean [main] Initialized JPA EntityManagerFactory for persistence unit 'default'
2023-02-02 08:09:41,376 WARN o.s.b.a.o.j.JpaBaseConfiguration$JpaWebConfiguration [main] spring.jpa.open-in-view is enabled by default. Therefore, database queries may be performed during view rendering. Explicitly configure spring.jpa.open-in-view to disable this warning
2023-02-02 08:09:41,414 WARN o.s.b.a.s.s.UserDetailsServiceAutoConfiguration [main] 

Using generated security password: 757217e7-2a17-420c-abb1-a40e74ecf873

This generated password is for development use only. Your security configuration must be updated before running your application in production.

2023-02-02 08:09:41,574 INFO o.s.s.w.DefaultSecurityFilterChain [main] Will secure any request with [org.springframework.security.web.session.DisableEncodeUrlFilter@2389f546, org.springframework.security.web.context.request.async.WebAsyncManagerIntegrationFilter@5b6ec94a, org.springframework.security.web.context.SecurityContextHolderFilter@6e349258, org.springframework.security.web.header.HeaderWriterFilter@7d12fb85, org.springframework.security.web.authentication.logout.LogoutFilter@7a023e34, org.springframework.security.web.savedrequest.RequestCacheAwareFilter@2e590e36, org.springframework.security.web.servletapi.SecurityContextHolderAwareRequestFilter@136690b1, org.springframework.security.web.authentication.AnonymousAuthenticationFilter@64745270, org.springframework.security.web.access.ExceptionTranslationFilter@1acfc058, org.springframework.security.web.access.intercept.AuthorizationFilter@5325674a]
2023-02-02 08:09:42,267 INFO o.s.m.w.MockServletContext [main] Initializing Spring TestDispatcherServlet ''
2023-02-02 08:09:42,268 INFO o.s.w.s.FrameworkServlet [main] Initializing Servlet ''
2023-02-02 08:09:42,282 INFO o.s.b.a.e.w.EndpointLinksResolver [main] Exposing 1 endpoint(s) beneath base path '/actuator'
2023-02-02 08:09:42,300 INFO o.s.w.s.FrameworkServlet [main] Completed initialization in 32 ms
2023-02-02 08:09:42,380 INFO o.s.b.StartupInfoLogger [main] Started StaticPagesControllerTest in 4.417 seconds (process running for 5.317)
2023-02-02 08:09:42,618 INFO o.s.m.w.MockServletContext [main] Initializing Spring TestDispatcherServlet ''
2023-02-02 08:09:42,619 INFO o.s.w.s.FrameworkServlet [main] Initializing Servlet ''
2023-02-02 08:09:42,619 INFO o.s.w.s.FrameworkServlet [main] Completed initialization in 0 ms
2023-02-02 08:09:42,629 WARN o.s.w.s.DispatcherServlet [main] No mapping for GET /
2023-02-02 08:09:42,653 INFO o.s.o.j.AbstractEntityManagerFactoryBean [SpringApplicationShutdownHook] Closing JPA EntityManagerFactory for persistence unit 'default'
2023-02-02 08:09:42,655 INFO c.z.h.HikariDataSource [SpringApplicationShutdownHook] HikariPool-1 - Shutdown initiated...
2023-02-02 08:09:42,658 INFO c.z.h.HikariDataSource [SpringApplicationShutdownHook] HikariPool-1 - Shutdown completed.
2023-02-02 08:10:04,904 INFO o.s.b.StartupInfoLogger [main] Starting StaticPagesControllerTest using Java 19.0.2 with PID 8914 (started by matheuz in /home/matheuz/open-source-projects/baixaIssooWebSite)
2023-02-02 08:10:04,906 INFO o.s.b.SpringApplication [main] The following 1 profile is active: "dev"
2023-02-02 08:10:05,782 INFO o.s.d.r.c.RepositoryConfigurationDelegate [main] Bootstrapping Spring Data JPA repositories in DEFAULT mode.
2023-02-02 08:10:05,847 INFO o.s.d.r.c.RepositoryConfigurationDelegate [main] Finished Spring Data repository scanning in 56 ms. Found 2 JPA repository interfaces.
2023-02-02 08:10:06,304 INFO c.z.h.HikariDataSource [main] HikariPool-1 - Starting...
2023-02-02 08:10:06,452 INFO c.z.h.p.HikariPool [main] HikariPool-1 - Added connection conn0: url=jdbc:h2:mem:testdb user=SA
2023-02-02 08:10:06,453 INFO c.z.h.HikariDataSource [main] HikariPool-1 - Start completed.
2023-02-02 08:10:06,573 INFO o.h.j.i.u.LogHelper [main] HHH000204: Processing PersistenceUnitInfo [name: default]
2023-02-02 08:10:06,616 INFO o.h.Version [main] HHH000412: Hibernate ORM core version 6.1.6.Final
2023-02-02 08:10:06,752 WARN o.h.b.i.MetadataBuilderImpl$MetadataBuildingOptionsImpl [main] HHH90000021: Encountered deprecated setting [javax.persistence.sharedCache.mode], use [jakarta.persistence.sharedCache.mode] instead
2023-02-02 08:10:06,875 INFO o.h.e.j.d.i.DialectFactoryImpl [main] HHH000400: Using dialect: org.hibernate.dialect.H2Dialect
2023-02-02 08:10:07,540 INFO o.h.e.t.j.p.i.JtaPlatformInitiator [main] HHH000490: Using JtaPlatform implementation: [org.hibernate.engine.transaction.jta.platform.internal.NoJtaPlatform]
2023-02-02 08:10:07,547 INFO o.s.o.j.AbstractEntityManagerFactoryBean [main] Initialized JPA EntityManagerFactory for persistence unit 'default'
2023-02-02 08:10:07,941 WARN o.s.b.a.o.j.JpaBaseConfiguration$JpaWebConfiguration [main] spring.jpa.open-in-view is enabled by default. Therefore, database queries may be performed during view rendering. Explicitly configure spring.jpa.open-in-view to disable this warning
2023-02-02 08:10:07,974 WARN o.s.b.a.s.s.UserDetailsServiceAutoConfiguration [main] 

Using generated security password: 5a01dfa5-9664-4a39-bca0-19f8a8c23f59

This generated password is for development use only. Your security configuration must be updated before running your application in production.

2023-02-02 08:10:08,119 INFO o.s.s.w.DefaultSecurityFilterChain [main] Will secure any request with [org.springframework.security.web.session.DisableEncodeUrlFilter@67521a79, org.springframework.security.web.context.request.async.WebAsyncManagerIntegrationFilter@73839f22, org.springframework.security.web.context.SecurityContextHolderFilter@6859bbd4, org.springframework.security.web.header.HeaderWriterFilter@16269ff4, org.springframework.security.web.authentication.logout.LogoutFilter@58b30e3e, org.springframework.security.web.savedrequest.RequestCacheAwareFilter@7d836c4a, org.springframework.security.web.servletapi.SecurityContextHolderAwareRequestFilter@530a46f4, org.springframework.security.web.authentication.AnonymousAuthenticationFilter@1512efe9, org.springframework.security.web.access.ExceptionTranslationFilter@41092c8, org.springframework.security.web.access.intercept.AuthorizationFilter@2566247d]
2023-02-02 08:10:08,800 INFO o.s.m.w.MockServletContext [main] Initializing Spring TestDispatcherServlet ''
2023-02-02 08:10:08,800 INFO o.s.w.s.FrameworkServlet [main] Initializing Servlet ''
2023-02-02 08:10:08,812 INFO o.s.b.a.e.w.EndpointLinksResolver [main] Exposing 1 endpoint(s) beneath base path '/actuator'
2023-02-02 08:10:08,827 INFO o.s.w.s.FrameworkServlet [main] Completed initialization in 26 ms
2023-02-02 08:10:08,901 INFO o.s.b.StartupInfoLogger [main] Started StaticPagesControllerTest in 4.43 seconds (process running for 5.344)
2023-02-02 08:10:09,144 INFO o.s.m.w.MockServletContext [main] Initializing Spring TestDispatcherServlet ''
2023-02-02 08:10:09,144 INFO o.s.w.s.FrameworkServlet [main] Initializing Servlet ''
2023-02-02 08:10:09,145 INFO o.s.w.s.FrameworkServlet [main] Completed initialization in 0 ms
2023-02-02 08:10:09,156 WARN o.s.w.s.DispatcherServlet [main] No mapping for GET /about
2023-02-02 08:10:09,177 INFO o.s.o.j.AbstractEntityManagerFactoryBean [SpringApplicationShutdownHook] Closing JPA EntityManagerFactory for persistence unit 'default'
2023-02-02 08:10:09,180 INFO c.z.h.HikariDataSource [SpringApplicationShutdownHook] HikariPool-1 - Shutdown initiated...
2023-02-02 08:10:09,183 INFO c.z.h.HikariDataSource [SpringApplicationShutdownHook] HikariPool-1 - Shutdown completed.
2023-02-02 08:10:37,394 INFO o.s.b.StartupInfoLogger [main] Starting StaticPagesControllerTest using Java 19.0.2 with PID 9033 (started by matheuz in /home/matheuz/open-source-projects/baixaIssooWebSite)
2023-02-02 08:10:37,396 INFO o.s.b.SpringApplication [main] The following 1 profile is active: "dev"
2023-02-02 08:10:38,257 INFO o.s.d.r.c.RepositoryConfigurationDelegate [main] Bootstrapping Spring Data JPA repositories in DEFAULT mode.
2023-02-02 08:10:38,314 INFO o.s.d.r.c.RepositoryConfigurationDelegate [main] Finished Spring Data repository scanning in 48 ms. Found 2 JPA repository interfaces.
2023-02-02 08:10:38,752 INFO c.z.h.HikariDataSource [main] HikariPool-1 - Starting...
2023-02-02 08:10:38,893 INFO c.z.h.p.HikariPool [main] HikariPool-1 - Added connection conn0: url=jdbc:h2:mem:testdb user=SA
2023-02-02 08:10:38,895 INFO c.z.h.HikariDataSource [main] HikariPool-1 - Start completed.
2023-02-02 08:10:39,040 INFO o.h.j.i.u.LogHelper [main] HHH000204: Processing PersistenceUnitInfo [name: default]
2023-02-02 08:10:39,085 INFO o.h.Version [main] HHH000412: Hibernate ORM core version 6.1.6.Final
2023-02-02 08:10:39,213 WARN o.h.b.i.MetadataBuilderImpl$MetadataBuildingOptionsImpl [main] HHH90000021: Encountered deprecated setting [javax.persistence.sharedCache.mode], use [jakarta.persistence.sharedCache.mode] instead
2023-02-02 08:10:39,339 INFO o.h.e.j.d.i.DialectFactoryImpl [main] HHH000400: Using dialect: org.hibernate.dialect.H2Dialect
2023-02-02 08:10:39,968 INFO o.h.e.t.j.p.i.JtaPlatformInitiator [main] HHH000490: Using JtaPlatform implementation: [org.hibernate.engine.transaction.jta.platform.internal.NoJtaPlatform]
2023-02-02 08:10:39,974 INFO o.s.o.j.AbstractEntityManagerFactoryBean [main] Initialized JPA EntityManagerFactory for persistence unit 'default'
2023-02-02 08:10:40,323 WARN o.s.b.a.o.j.JpaBaseConfiguration$JpaWebConfiguration [main] spring.jpa.open-in-view is enabled by default. Therefore, database queries may be performed during view rendering. Explicitly configure spring.jpa.open-in-view to disable this warning
2023-02-02 08:10:40,357 WARN o.s.b.a.s.s.UserDetailsServiceAutoConfiguration [main] 

Using generated security password: d7f70a10-2def-4563-9789-da74b06be3e5

This generated password is for development use only. Your security configuration must be updated before running your application in production.

2023-02-02 08:10:40,495 INFO o.s.s.w.DefaultSecurityFilterChain [main] Will secure any request with [org.springframework.security.web.session.DisableEncodeUrlFilter@63d14dbf, org.springframework.security.web.context.request.async.WebAsyncManagerIntegrationFilter@67521a79, org.springframework.security.web.context.SecurityContextHolderFilter@6f9b5f01, org.springframework.security.web.header.HeaderWriterFilter@2c257c0a, org.springframework.security.web.authentication.logout.LogoutFilter@22657db1, org.springframework.security.web.savedrequest.RequestCacheAwareFilter@4a225014, org.springframework.security.web.servletapi.SecurityContextHolderAwareRequestFilter@350d9d23, org.springframework.security.web.authentication.AnonymousAuthenticationFilter@73839f22, org.springframework.security.web.access.ExceptionTranslationFilter@6e349258, org.springframework.security.web.access.intercept.AuthorizationFilter@260ccf0]
2023-02-02 08:10:41,149 INFO o.s.m.w.MockServletContext [main] Initializing Spring TestDispatcherServlet ''
2023-02-02 08:10:41,149 INFO o.s.w.s.FrameworkServlet [main] Initializing Servlet ''
2023-02-02 08:10:41,163 INFO o.s.b.a.e.w.EndpointLinksResolver [main] Exposing 1 endpoint(s) beneath base path '/actuator'
2023-02-02 08:10:41,176 INFO o.s.w.s.FrameworkServlet [main] Completed initialization in 26 ms
2023-02-02 08:10:41,246 INFO o.s.b.StartupInfoLogger [main] Started StaticPagesControllerTest in 4.276 seconds (process running for 5.178)
2023-02-02 08:10:41,752 INFO o.s.o.j.AbstractEntityManagerFactoryBean [SpringApplicationShutdownHook] Closing JPA EntityManagerFactory for persistence unit 'default'
2023-02-02 08:10:41,755 INFO c.z.h.HikariDataSource [SpringApplicationShutdownHook] HikariPool-1 - Shutdown initiated...
2023-02-02 08:10:41,758 INFO c.z.h.HikariDataSource [SpringApplicationShutdownHook] HikariPool-1 - Shutdown completed.
2023-02-02 08:11:39,813 INFO o.s.b.StartupInfoLogger [main] Starting StaticPagesControllerTest using Java 19.0.2 with PID 9191 (started by matheuz in /home/matheuz/open-source-projects/baixaIssooWebSite)
2023-02-02 08:11:39,815 INFO o.s.b.SpringApplication [main] The following 1 profile is active: "dev"
2023-02-02 08:11:40,686 INFO o.s.d.r.c.RepositoryConfigurationDelegate [main] Bootstrapping Spring Data JPA repositories in DEFAULT mode.
2023-02-02 08:11:40,751 INFO o.s.d.r.c.RepositoryConfigurationDelegate [main] Finished Spring Data repository scanning in 56 ms. Found 2 JPA repository interfaces.
2023-02-02 08:11:41,223 INFO c.z.h.HikariDataSource [main] HikariPool-1 - Starting...
2023-02-02 08:11:41,397 INFO c.z.h.p.HikariPool [main] HikariPool-1 - Added connection conn0: url=jdbc:h2:mem:testdb user=SA
2023-02-02 08:11:41,399 INFO c.z.h.HikariDataSource [main] HikariPool-1 - Start completed.
2023-02-02 08:11:41,555 INFO o.h.j.i.u.LogHelper [main] HHH000204: Processing PersistenceUnitInfo [name: default]
2023-02-02 08:11:41,613 INFO o.h.Version [main] HHH000412: Hibernate ORM core version 6.1.6.Final
2023-02-02 08:11:41,737 WARN o.h.b.i.MetadataBuilderImpl$MetadataBuildingOptionsImpl [main] HHH90000021: Encountered deprecated setting [javax.persistence.sharedCache.mode], use [jakarta.persistence.sharedCache.mode] instead
2023-02-02 08:11:41,852 INFO o.h.e.j.d.i.DialectFactoryImpl [main] HHH000400: Using dialect: org.hibernate.dialect.H2Dialect
2023-02-02 08:11:42,437 INFO o.h.e.t.j.p.i.JtaPlatformInitiator [main] HHH000490: Using JtaPlatform implementation: [org.hibernate.engine.transaction.jta.platform.internal.NoJtaPlatform]
2023-02-02 08:11:42,444 INFO o.s.o.j.AbstractEntityManagerFactoryBean [main] Initialized JPA EntityManagerFactory for persistence unit 'default'
2023-02-02 08:11:42,811 WARN o.s.b.a.o.j.JpaBaseConfiguration$JpaWebConfiguration [main] spring.jpa.open-in-view is enabled by default. Therefore, database queries may be performed during view rendering. Explicitly configure spring.jpa.open-in-view to disable this warning
2023-02-02 08:11:42,845 WARN o.s.b.a.s.s.UserDetailsServiceAutoConfiguration [main] 

Using generated security password: 114bd101-b39c-4e9d-b9bf-91a8bde67adc

This generated password is for development use only. Your security configuration must be updated before running your application in production.

2023-02-02 08:11:42,988 INFO o.s.s.w.DefaultSecurityFilterChain [main] Will secure any request with [org.springframework.security.web.session.DisableEncodeUrlFilter@260ccf0, org.springframework.security.web.context.request.async.WebAsyncManagerIntegrationFilter@2566247d, org.springframework.security.web.context.SecurityContextHolderFilter@2c257c0a, org.springframework.security.web.header.HeaderWriterFilter@39007725, org.springframework.security.web.authentication.logout.LogoutFilter@5ef48b08, org.springframework.security.web.savedrequest.RequestCacheAwareFilter@684bfba9, org.springframework.security.web.servletapi.SecurityContextHolderAwareRequestFilter@7d836c4a, org.springframework.security.web.authentication.AnonymousAuthenticationFilter@363a09a2, org.springframework.security.web.access.ExceptionTranslationFilter@7d12fb85, org.springframework.security.web.access.intercept.AuthorizationFilter@6fe91918]
2023-02-02 08:11:43,662 INFO o.s.m.w.MockServletContext [main] Initializing Spring TestDispatcherServlet ''
2023-02-02 08:11:43,663 INFO o.s.w.s.FrameworkServlet [main] Initializing Servlet ''
2023-02-02 08:11:43,675 INFO o.s.b.a.e.w.EndpointLinksResolver [main] Exposing 1 endpoint(s) beneath base path '/actuator'
2023-02-02 08:11:43,690 INFO o.s.w.s.FrameworkServlet [main] Completed initialization in 27 ms
2023-02-02 08:11:43,758 INFO o.s.b.StartupInfoLogger [main] Started StaticPagesControllerTest in 4.381 seconds (process running for 5.256)
2023-02-02 08:11:44,064 INFO o.s.o.j.AbstractEntityManagerFactoryBean [SpringApplicationShutdownHook] Closing JPA EntityManagerFactory for persistence unit 'default'
2023-02-02 08:11:44,067 INFO c.z.h.HikariDataSource [SpringApplicationShutdownHook] HikariPool-1 - Shutdown initiated...
2023-02-02 08:11:44,070 INFO c.z.h.HikariDataSource [SpringApplicationShutdownHook] HikariPool-1 - Shutdown completed.
2023-02-02 08:12:08,571 INFO o.s.b.StartupInfoLogger [main] Starting StaticPagesControllerTest using Java 19.0.2 with PID 9277 (started by matheuz in /home/matheuz/open-source-projects/baixaIssooWebSite)
2023-02-02 08:12:08,573 INFO o.s.b.SpringApplication [main] The following 1 profile is active: "dev"
2023-02-02 08:12:09,440 INFO o.s.d.r.c.RepositoryConfigurationDelegate [main] Bootstrapping Spring Data JPA repositories in DEFAULT mode.
2023-02-02 08:12:09,505 INFO o.s.d.r.c.RepositoryConfigurationDelegate [main] Finished Spring Data repository scanning in 55 ms. Found 2 JPA repository interfaces.
2023-02-02 08:12:09,946 INFO c.z.h.HikariDataSource [main] HikariPool-1 - Starting...
2023-02-02 08:12:10,096 INFO c.z.h.p.HikariPool [main] HikariPool-1 - Added connection conn0: url=jdbc:h2:mem:testdb user=SA
2023-02-02 08:12:10,097 INFO c.z.h.HikariDataSource [main] HikariPool-1 - Start completed.
2023-02-02 08:12:10,252 INFO o.h.j.i.u.LogHelper [main] HHH000204: Processing PersistenceUnitInfo [name: default]
2023-02-02 08:12:10,308 INFO o.h.Version [main] HHH000412: Hibernate ORM core version 6.1.6.Final
2023-02-02 08:12:10,438 WARN o.h.b.i.MetadataBuilderImpl$MetadataBuildingOptionsImpl [main] HHH90000021: Encountered deprecated setting [javax.persistence.sharedCache.mode], use [jakarta.persistence.sharedCache.mode] instead
2023-02-02 08:12:10,544 INFO o.h.e.j.d.i.DialectFactoryImpl [main] HHH000400: Using dialect: org.hibernate.dialect.H2Dialect
2023-02-02 08:12:11,113 INFO o.h.e.t.j.p.i.JtaPlatformInitiator [main] HHH000490: Using JtaPlatform implementation: [org.hibernate.engine.transaction.jta.platform.internal.NoJtaPlatform]
2023-02-02 08:12:11,120 INFO o.s.o.j.AbstractEntityManagerFactoryBean [main] Initialized JPA EntityManagerFactory for persistence unit 'default'
2023-02-02 08:12:11,495 WARN o.s.b.a.o.j.JpaBaseConfiguration$JpaWebConfiguration [main] spring.jpa.open-in-view is enabled by default. Therefore, database queries may be performed during view rendering. Explicitly configure spring.jpa.open-in-view to disable this warning
2023-02-02 08:12:11,527 WARN o.s.b.a.s.s.UserDetailsServiceAutoConfiguration [main] 

Using generated security password: 4fefd7ba-e1d0-45bb-a497-6da35599e8e7

This generated password is for development use only. Your security configuration must be updated before running your application in production.

2023-02-02 08:12:11,677 INFO o.s.s.w.DefaultSecurityFilterChain [main] Will secure any request with [org.springframework.security.web.session.DisableEncodeUrlFilter@65fe1f47, org.springframework.security.web.context.request.async.WebAsyncManagerIntegrationFilter@4afdb05e, org.springframework.security.web.context.SecurityContextHolderFilter@6af0407c, org.springframework.security.web.header.HeaderWriterFilter@7343d843, org.springframework.security.web.authentication.logout.LogoutFilter@b1f36e5, org.springframework.security.web.savedrequest.RequestCacheAwareFilter@20cf3ab3, org.springframework.security.web.servletapi.SecurityContextHolderAwareRequestFilter@4c89c98a, org.springframework.security.web.authentication.AnonymousAuthenticationFilter@2165d4ab, org.springframework.security.web.access.ExceptionTranslationFilter@7d0e43d6, org.springframework.security.web.access.intercept.AuthorizationFilter@2111d7b9]
2023-02-02 08:12:12,310 INFO o.s.m.w.MockServletContext [main] Initializing Spring TestDispatcherServlet ''
2023-02-02 08:12:12,311 INFO o.s.w.s.FrameworkServlet [main] Initializing Servlet ''
2023-02-02 08:12:12,331 INFO o.s.b.a.e.w.EndpointLinksResolver [main] Exposing 1 endpoint(s) beneath base path '/actuator'
2023-02-02 08:12:12,342 INFO o.s.w.s.FrameworkServlet [main] Completed initialization in 31 ms
2023-02-02 08:12:12,404 INFO o.s.b.StartupInfoLogger [main] Started StaticPagesControllerTest in 4.241 seconds (process running for 5.118)
2023-02-02 08:12:12,942 INFO o.s.o.j.AbstractEntityManagerFactoryBean [SpringApplicationShutdownHook] Closing JPA EntityManagerFactory for persistence unit 'default'
2023-02-02 08:12:12,945 INFO c.z.h.HikariDataSource [SpringApplicationShutdownHook] HikariPool-1 - Shutdown initiated...
2023-02-02 08:12:12,948 INFO c.z.h.HikariDataSource [SpringApplicationShutdownHook] HikariPool-1 - Shutdown completed.
2023-02-02 08:12:23,364 INFO o.s.b.StartupInfoLogger [main] Starting StaticPagesControllerTest using Java 19.0.2 with PID 9393 (started by matheuz in /home/matheuz/open-source-projects/baixaIssooWebSite)
2023-02-02 08:12:23,366 INFO o.s.b.SpringApplication [main] The following 1 profile is active: "dev"
2023-02-02 08:12:24,223 INFO o.s.d.r.c.RepositoryConfigurationDelegate [main] Bootstrapping Spring Data JPA repositories in DEFAULT mode.
2023-02-02 08:12:24,292 INFO o.s.d.r.c.RepositoryConfigurationDelegate [main] Finished Spring Data repository scanning in 59 ms. Found 2 JPA repository interfaces.
2023-02-02 08:12:24,728 INFO c.z.h.HikariDataSource [main] HikariPool-1 - Starting...
2023-02-02 08:12:24,869 INFO c.z.h.p.HikariPool [main] HikariPool-1 - Added connection conn0: url=jdbc:h2:mem:testdb user=SA
2023-02-02 08:12:24,870 INFO c.z.h.HikariDataSource [main] HikariPool-1 - Start completed.
2023-02-02 08:12:25,014 INFO o.h.j.i.u.LogHelper [main] HHH000204: Processing PersistenceUnitInfo [name: default]
2023-02-02 08:12:25,060 INFO o.h.Version [main] HHH000412: Hibernate ORM core version 6.1.6.Final
2023-02-02 08:12:25,187 WARN o.h.b.i.MetadataBuilderImpl$MetadataBuildingOptionsImpl [main] HHH90000021: Encountered deprecated setting [javax.persistence.sharedCache.mode], use [jakarta.persistence.sharedCache.mode] instead
2023-02-02 08:12:25,294 INFO o.h.e.j.d.i.DialectFactoryImpl [main] HHH000400: Using dialect: org.hibernate.dialect.H2Dialect
2023-02-02 08:12:25,850 INFO o.h.e.t.j.p.i.JtaPlatformInitiator [main] HHH000490: Using JtaPlatform implementation: [org.hibernate.engine.transaction.jta.platform.internal.NoJtaPlatform]
2023-02-02 08:12:25,856 INFO o.s.o.j.AbstractEntityManagerFactoryBean [main] Initialized JPA EntityManagerFactory for persistence unit 'default'
2023-02-02 08:12:26,242 WARN o.s.b.a.o.j.JpaBaseConfiguration$JpaWebConfiguration [main] spring.jpa.open-in-view is enabled by default. Therefore, database queries may be performed during view rendering. Explicitly configure spring.jpa.open-in-view to disable this warning
2023-02-02 08:12:26,276 WARN o.s.b.a.s.s.UserDetailsServiceAutoConfiguration [main] 

Using generated security password: 154156a3-0c9f-4a34-8d87-326ef1ef402d

This generated password is for development use only. Your security configuration must be updated before running your application in production.

2023-02-02 08:12:26,414 INFO o.s.s.w.DefaultSecurityFilterChain [main] Will secure any request with [org.springframework.security.web.session.DisableEncodeUrlFilter@64745270, org.springframework.security.web.context.request.async.WebAsyncManagerIntegrationFilter@596d17f4, org.springframework.security.web.context.SecurityContextHolderFilter@2e590e36, org.springframework.security.web.header.HeaderWriterFilter@470ad01c, org.springframework.security.web.authentication.logout.LogoutFilter@65fe1f47, org.springframework.security.web.savedrequest.RequestCacheAwareFilter@752e4223, org.springframework.security.web.servletapi.SecurityContextHolderAwareRequestFilter@3eb8057c, org.springframework.security.web.authentication.AnonymousAuthenticationFilter@35a2ea5a, org.springframework.security.web.access.ExceptionTranslationFilter@15ca7322, org.springframework.security.web.access.intercept.AuthorizationFilter@630bd5e7]
2023-02-02 08:12:27,079 INFO o.s.m.w.MockServletContext [main] Initializing Spring TestDispatcherServlet ''
2023-02-02 08:12:27,080 INFO o.s.w.s.FrameworkServlet [main] Initializing Servlet ''
2023-02-02 08:12:27,095 INFO o.s.b.a.e.w.EndpointLinksResolver [main] Exposing 1 endpoint(s) beneath base path '/actuator'
2023-02-02 08:12:27,108 INFO o.s.w.s.FrameworkServlet [main] Completed initialization in 27 ms
2023-02-02 08:12:27,184 INFO o.s.b.StartupInfoLogger [main] Started StaticPagesControllerTest in 4.273 seconds (process running for 5.181)
2023-02-02 08:12:27,697 INFO o.s.o.j.AbstractEntityManagerFactoryBean [SpringApplicationShutdownHook] Closing JPA EntityManagerFactory for persistence unit 'default'
2023-02-02 08:12:27,700 INFO c.z.h.HikariDataSource [SpringApplicationShutdownHook] HikariPool-1 - Shutdown initiated...
2023-02-02 08:12:27,702 INFO c.z.h.HikariDataSource [SpringApplicationShutdownHook] HikariPool-1 - Shutdown completed.
2023-02-02 08:12:33,377 INFO o.s.b.StartupInfoLogger [restartedMain] Starting BaixaissoowebsiteApplication using Java 19.0.2 with PID 9477 (/home/matheuz/open-source-projects/baixaIssooWebSite/target/classes started by matheuz in /home/matheuz/open-source-projects/baixaIssooWebSite)
2023-02-02 08:12:33,381 INFO o.s.b.SpringApplication [restartedMain] The following 1 profile is active: "dev"
2023-02-02 08:12:33,441 INFO o.s.b.l.DeferredLog [restartedMain] Devtools property defaults active! Set 'spring.devtools.add-properties' to 'false' to disable
2023-02-02 08:12:33,441 INFO o.s.b.l.DeferredLog [restartedMain] For additional web related logging consider setting the 'logging.level.web' property to 'DEBUG'
2023-02-02 08:12:34,363 INFO o.s.d.r.c.RepositoryConfigurationDelegate [restartedMain] Bootstrapping Spring Data JPA repositories in DEFAULT mode.
2023-02-02 08:12:34,418 INFO o.s.d.r.c.RepositoryConfigurationDelegate [restartedMain] Finished Spring Data repository scanning in 47 ms. Found 2 JPA repository interfaces.
2023-02-02 08:12:35,115 INFO o.s.b.w.e.t.TomcatWebServer [restartedMain] Tomcat initialized with port(s): 8080 (http)
2023-02-02 08:12:35,126 INFO o.a.j.l.DirectJDKLog [restartedMain] Initializing ProtocolHandler ["http-nio-8080"]
2023-02-02 08:12:35,127 INFO o.a.j.l.DirectJDKLog [restartedMain] Starting service [Tomcat]
2023-02-02 08:12:35,127 INFO o.a.j.l.DirectJDKLog [restartedMain] Starting Servlet engine: [Apache Tomcat/10.1.5]
2023-02-02 08:12:35,173 INFO o.a.j.l.DirectJDKLog [restartedMain] Initializing Spring embedded WebApplicationContext
2023-02-02 08:12:35,176 INFO o.s.b.w.s.c.ServletWebServerApplicationContext [restartedMain] Root WebApplicationContext: initialization completed in 1732 ms
2023-02-02 08:12:35,277 INFO c.z.h.HikariDataSource [restartedMain] HikariPool-1 - Starting...
2023-02-02 08:12:35,477 INFO c.z.h.p.HikariPool [restartedMain] HikariPool-1 - Added connection conn0: url=jdbc:h2:mem:testdb user=SA
2023-02-02 08:12:35,478 INFO c.z.h.HikariDataSource [restartedMain] HikariPool-1 - Start completed.
2023-02-02 08:12:35,488 INFO o.s.b.a.h.H2ConsoleAutoConfiguration [restartedMain] H2 console available at '/h2-console'. Database available at 'jdbc:h2:mem:testdb'
2023-02-02 08:12:35,693 INFO o.h.j.i.u.LogHelper [restartedMain] HHH000204: Processing PersistenceUnitInfo [name: default]
2023-02-02 08:12:35,732 INFO o.h.Version [restartedMain] HHH000412: Hibernate ORM core version 6.1.6.Final
2023-02-02 08:12:35,872 WARN o.h.b.i.MetadataBuilderImpl$MetadataBuildingOptionsImpl [restartedMain] HHH90000021: Encountered deprecated setting [javax.persistence.sharedCache.mode], use [jakarta.persistence.sharedCache.mode] instead
2023-02-02 08:12:35,984 INFO o.h.e.j.d.i.DialectFactoryImpl [restartedMain] HHH000400: Using dialect: org.hibernate.dialect.H2Dialect
2023-02-02 08:12:36,583 INFO o.h.e.t.j.p.i.JtaPlatformInitiator [restartedMain] HHH000490: Using JtaPlatform implementation: [org.hibernate.engine.transaction.jta.platform.internal.NoJtaPlatform]
2023-02-02 08:12:36,588 INFO o.s.o.j.AbstractEntityManagerFactoryBean [restartedMain] Initialized JPA EntityManagerFactory for persistence unit 'default'
2023-02-02 08:12:36,970 WARN o.s.b.a.o.j.JpaBaseConfiguration$JpaWebConfiguration [restartedMain] spring.jpa.open-in-view is enabled by default. Therefore, database queries may be performed during view rendering. Explicitly configure spring.jpa.open-in-view to disable this warning
2023-02-02 08:12:37,006 WARN o.s.b.a.s.s.UserDetailsServiceAutoConfiguration [restartedMain] 

Using generated security password: 6bdaea8f-a98c-4db2-ba09-eeabd6e62b86

This generated password is for development use only. Your security configuration must be updated before running your application in production.

2023-02-02 08:12:37,099 INFO o.s.s.w.DefaultSecurityFilterChain [restartedMain] Will secure any request with [org.springframework.security.web.session.DisableEncodeUrlFilter@55cd0a4, org.springframework.security.web.context.request.async.WebAsyncManagerIntegrationFilter@2960ac4c, org.springframework.security.web.context.SecurityContextHolderFilter@1001610a, org.springframework.security.web.header.HeaderWriterFilter@3ca3b640, org.springframework.security.web.authentication.logout.LogoutFilter@27a8466a, org.springframework.security.web.savedrequest.RequestCacheAwareFilter@4422dbc1, org.springframework.security.web.servletapi.SecurityContextHolderAwareRequestFilter@4434377b, org.springframework.security.web.authentication.AnonymousAuthenticationFilter@3751b648, org.springframework.security.web.access.ExceptionTranslationFilter@4c5b49fd, org.springframework.security.web.access.intercept.AuthorizationFilter@24b1142f]
2023-02-02 08:12:37,622 INFO o.s.b.d.a.OptionalLiveReloadServer [restartedMain] LiveReload server is running on port 35729
2023-02-02 08:12:37,633 INFO o.s.b.a.e.w.EndpointLinksResolver [restartedMain] Exposing 1 endpoint(s) beneath base path '/actuator'
2023-02-02 08:12:37,691 INFO o.a.j.l.DirectJDKLog [restartedMain] Starting ProtocolHandler ["http-nio-8080"]
2023-02-02 08:12:37,705 INFO o.s.b.w.e.t.TomcatWebServer [restartedMain] Tomcat started on port(s): 8080 (http) with context path ''
2023-02-02 08:12:37,720 INFO o.s.b.StartupInfoLogger [restartedMain] Started BaixaissoowebsiteApplication in 4.945 seconds (process running for 5.408)
2023-02-02 08:12:46,220 INFO o.a.j.l.DirectJDKLog [http-nio-8080-exec-1] Initializing Spring DispatcherServlet 'dispatcherServlet'
2023-02-02 08:12:46,220 INFO o.s.w.s.FrameworkServlet [http-nio-8080-exec-1] Initializing Servlet 'dispatcherServlet'
2023-02-02 08:12:46,222 INFO o.s.w.s.FrameworkServlet [http-nio-8080-exec-1] Completed initialization in 1 ms
2023-02-02 08:13:04,206 INFO o.s.o.j.AbstractEntityManagerFactoryBean [SpringApplicationShutdownHook] Closing JPA EntityManagerFactory for persistence unit 'default'
2023-02-02 08:13:04,585 WARN o.s.b.f.s.DisposableBeanAdapter [SpringApplicationShutdownHook] Invocation of destroy method failed on bean with name 'inMemoryDatabaseShutdownExecutor': org.h2.jdbc.JdbcSQLNonTransientConnectionException: Database is already closed (to disable automatic closing at VM shutdown, add ";DB_CLOSE_ON_EXIT=FALSE" to the db URL) [90121-214]
2023-02-02 08:13:04,587 INFO c.z.h.HikariDataSource [SpringApplicationShutdownHook] HikariPool-1 - Shutdown initiated...
2023-02-02 08:13:04,698 INFO c.z.h.HikariDataSource [SpringApplicationShutdownHook] HikariPool-1 - Shutdown completed.
2023-02-02 08:13:20,037 INFO o.s.b.StartupInfoLogger [restartedMain] Starting BaixaissoowebsiteApplication using Java 19.0.2 with PID 9634 (/home/matheuz/open-source-projects/baixaIssooWebSite/target/classes started by matheuz in /home/matheuz/open-source-projects/baixaIssooWebSite)
2023-02-02 08:13:20,040 INFO o.s.b.SpringApplication [restartedMain] The following 1 profile is active: "prod"
2023-02-02 08:13:20,085 INFO o.s.b.l.DeferredLog [restartedMain] Devtools property defaults active! Set 'spring.devtools.add-properties' to 'false' to disable
2023-02-02 08:13:20,085 INFO o.s.b.l.DeferredLog [restartedMain] For additional web related logging consider setting the 'logging.level.web' property to 'DEBUG'
2023-02-02 08:13:21,039 INFO o.s.d.r.c.RepositoryConfigurationDelegate [restartedMain] Bootstrapping Spring Data JPA repositories in DEFAULT mode.
2023-02-02 08:13:21,105 INFO o.s.d.r.c.RepositoryConfigurationDelegate [restartedMain] Finished Spring Data repository scanning in 54 ms. Found 2 JPA repository interfaces.
2023-02-02 08:13:21,773 INFO o.s.b.w.e.t.TomcatWebServer [restartedMain] Tomcat initialized with port(s): 8080 (http)
2023-02-02 08:13:21,783 INFO o.a.j.l.DirectJDKLog [restartedMain] Initializing ProtocolHandler ["http-nio-8080"]
2023-02-02 08:13:21,784 INFO o.a.j.l.DirectJDKLog [restartedMain] Starting service [Tomcat]
2023-02-02 08:13:21,784 INFO o.a.j.l.DirectJDKLog [restartedMain] Starting Servlet engine: [Apache Tomcat/10.1.5]
2023-02-02 08:13:21,834 INFO o.a.j.l.DirectJDKLog [restartedMain] Initializing Spring embedded WebApplicationContext
2023-02-02 08:13:21,837 INFO o.s.b.w.s.c.ServletWebServerApplicationContext [restartedMain] Root WebApplicationContext: initialization completed in 1748 ms
2023-02-02 08:13:21,947 INFO c.z.h.HikariDataSource [restartedMain] HikariPool-1 - Starting...
2023-02-02 08:13:26,381 INFO c.z.h.p.HikariPool [restartedMain] HikariPool-1 - Added connection org.postgresql.jdbc.PgConnection@7e9b740c
2023-02-02 08:13:26,382 INFO c.z.h.HikariDataSource [restartedMain] HikariPool-1 - Start completed.
2023-02-02 08:13:26,394 INFO o.s.b.a.h.H2ConsoleAutoConfiguration [restartedMain] H2 console available at '/h2-console'. Database available at 'jdbc:postgresql://containers-us-west-38.railway.app:7855/railway'
2023-02-02 08:13:26,655 INFO o.h.j.i.u.LogHelper [restartedMain] HHH000204: Processing PersistenceUnitInfo [name: default]
2023-02-02 08:13:26,719 INFO o.h.Version [restartedMain] HHH000412: Hibernate ORM core version 6.1.6.Final
2023-02-02 08:13:26,940 WARN o.h.b.i.MetadataBuilderImpl$MetadataBuildingOptionsImpl [restartedMain] HHH90000021: Encountered deprecated setting [javax.persistence.sharedCache.mode], use [jakarta.persistence.sharedCache.mode] instead
2023-02-02 08:13:27,690 INFO o.h.e.j.d.i.DialectFactoryImpl [restartedMain] HHH000400: Using dialect: org.hibernate.dialect.PostgreSQLDialect
2023-02-02 08:13:29,339 INFO o.h.e.t.j.p.i.JtaPlatformInitiator [restartedMain] HHH000490: Using JtaPlatform implementation: [org.hibernate.engine.transaction.jta.platform.internal.NoJtaPlatform]
2023-02-02 08:13:29,348 INFO o.s.o.j.AbstractEntityManagerFactoryBean [restartedMain] Initialized JPA EntityManagerFactory for persistence unit 'default'
2023-02-02 08:13:29,708 WARN o.s.b.a.o.j.JpaBaseConfiguration$JpaWebConfiguration [restartedMain] spring.jpa.open-in-view is enabled by default. Therefore, database queries may be performed during view rendering. Explicitly configure spring.jpa.open-in-view to disable this warning
2023-02-02 08:13:29,739 WARN o.s.b.a.s.s.UserDetailsServiceAutoConfiguration [restartedMain] 

Using generated security password: 1f19694a-495f-45ab-b854-4f8b238589ce

This generated password is for development use only. Your security configuration must be updated before running your application in production.

2023-02-02 08:13:29,822 INFO o.s.s.w.DefaultSecurityFilterChain [restartedMain] Will secure any request with [org.springframework.security.web.session.DisableEncodeUrlFilter@7e077b8a, org.springframework.security.web.context.request.async.WebAsyncManagerIntegrationFilter@5f9dec8c, org.springframework.security.web.context.SecurityContextHolderFilter@11e2cbe3, org.springframework.security.web.header.HeaderWriterFilter@4bc2d4c6, org.springframework.security.web.authentication.logout.LogoutFilter@35e27a72, org.springframework.security.web.savedrequest.RequestCacheAwareFilter@1355ce5c, org.springframework.security.web.servletapi.SecurityContextHolderAwareRequestFilter@1001610a, org.springframework.security.web.authentication.AnonymousAuthenticationFilter@4302ed98, org.springframework.security.web.access.ExceptionTranslationFilter@42abbb26, org.springframework.security.web.access.intercept.AuthorizationFilter@21e01b75]
2023-02-02 08:13:30,351 INFO o.s.b.d.a.OptionalLiveReloadServer [restartedMain] LiveReload server is running on port 35729
2023-02-02 08:13:30,363 INFO o.s.b.a.e.w.EndpointLinksResolver [restartedMain] Exposing 1 endpoint(s) beneath base path '/actuator'
2023-02-02 08:13:30,420 INFO o.a.j.l.DirectJDKLog [restartedMain] Starting ProtocolHandler ["http-nio-8080"]
2023-02-02 08:13:30,432 INFO o.s.b.w.e.t.TomcatWebServer [restartedMain] Tomcat started on port(s): 8080 (http) with context path ''
2023-02-02 08:13:30,448 INFO o.s.b.StartupInfoLogger [restartedMain] Started BaixaissoowebsiteApplication in 11.032 seconds (process running for 11.529)
2023-02-02 08:19:54,235 INFO o.a.j.l.DirectJDKLog [http-nio-8080-exec-1] Initializing Spring DispatcherServlet 'dispatcherServlet'
2023-02-02 08:19:54,235 INFO o.s.w.s.FrameworkServlet [http-nio-8080-exec-1] Initializing Servlet 'dispatcherServlet'
2023-02-02 08:19:54,236 INFO o.s.w.s.FrameworkServlet [http-nio-8080-exec-1] Completed initialization in 1 ms
2023-02-02 08:20:22,425 INFO o.s.o.j.AbstractEntityManagerFactoryBean [SpringApplicationShutdownHook] Closing JPA EntityManagerFactory for persistence unit 'default'
2023-02-02 08:20:22,429 INFO c.z.h.HikariDataSource [SpringApplicationShutdownHook] HikariPool-1 - Shutdown initiated...
2023-02-02 08:20:23,607 INFO c.z.h.HikariDataSource [SpringApplicationShutdownHook] HikariPool-1 - Shutdown completed.
2023-02-02 08:20:41,525 INFO o.s.b.StartupInfoLogger [main] Starting UserControllerTest using Java 19.0.2 with PID 13239 (started by matheuz in /home/matheuz/open-source-projects/baixaIssooWebSite)
2023-02-02 08:20:41,534 INFO o.s.b.SpringApplication [main] The following 1 profile is active: "prod"
2023-02-02 08:20:42,338 INFO o.s.d.r.c.RepositoryConfigurationDelegate [main] Bootstrapping Spring Data JPA repositories in DEFAULT mode.
2023-02-02 08:20:42,382 INFO o.s.d.r.c.RepositoryConfigurationDelegate [main] Finished Spring Data repository scanning in 35 ms. Found 2 JPA repository interfaces.
2023-02-02 08:20:42,732 INFO c.z.h.HikariDataSource [main] HikariPool-1 - Starting...
2023-02-02 08:20:44,755 INFO c.z.h.p.HikariPool [main] HikariPool-1 - Added connection org.postgresql.jdbc.PgConnection@67593f7b
2023-02-02 08:20:44,758 INFO c.z.h.HikariDataSource [main] HikariPool-1 - Start completed.
2023-02-02 08:20:44,865 INFO o.h.j.i.u.LogHelper [main] HHH000204: Processing PersistenceUnitInfo [name: default]
2023-02-02 08:20:44,910 INFO o.h.Version [main] HHH000412: Hibernate ORM core version 6.1.6.Final
2023-02-02 08:20:44,944 WARN o.h.b.i.MetadataBuilderImpl$MetadataBuildingOptionsImpl [main] HHH90000021: Encountered deprecated setting [javax.persistence.sharedCache.mode], use [jakarta.persistence.sharedCache.mode] instead
2023-02-02 08:20:45,453 INFO o.h.e.j.d.i.DialectFactoryImpl [main] HHH000400: Using dialect: org.hibernate.dialect.PostgreSQLDialect
2023-02-02 08:20:46,535 INFO o.h.e.t.j.p.i.JtaPlatformInitiator [main] HHH000490: Using JtaPlatform implementation: [org.hibernate.engine.transaction.jta.platform.internal.NoJtaPlatform]
2023-02-02 08:20:46,543 INFO o.s.o.j.AbstractEntityManagerFactoryBean [main] Initialized JPA EntityManagerFactory for persistence unit 'default'
2023-02-02 08:20:46,864 WARN o.s.b.a.o.j.JpaBaseConfiguration$JpaWebConfiguration [main] spring.jpa.open-in-view is enabled by default. Therefore, database queries may be performed during view rendering. Explicitly configure spring.jpa.open-in-view to disable this warning
2023-02-02 08:20:46,901 WARN o.s.b.a.s.s.UserDetailsServiceAutoConfiguration [main] 

Using generated security password: 69b7ac82-d21e-4cc9-aea3-844cff818c03

This generated password is for development use only. Your security configuration must be updated before running your application in production.

2023-02-02 08:20:47,047 INFO o.s.s.w.DefaultSecurityFilterChain [main] Will secure any request with [org.springframework.security.web.session.DisableEncodeUrlFilter@4349389d, org.springframework.security.web.context.request.async.WebAsyncManagerIntegrationFilter@147203c2, org.springframework.security.web.context.SecurityContextHolderFilter@179f30b7, org.springframework.security.web.header.HeaderWriterFilter@2bab1821, org.springframework.security.web.authentication.logout.LogoutFilter@1a507ea0, org.springframework.security.web.savedrequest.RequestCacheAwareFilter@12ae75f1, org.springframework.security.web.servletapi.SecurityContextHolderAwareRequestFilter@376c5950, org.springframework.security.web.authentication.AnonymousAuthenticationFilter@11df0bc7, org.springframework.security.web.access.ExceptionTranslationFilter@444fbd13, org.springframework.security.web.access.intercept.AuthorizationFilter@6b578779]
2023-02-02 08:20:47,758 INFO o.s.m.w.MockServletContext [main] Initializing Spring TestDispatcherServlet ''
2023-02-02 08:20:47,759 INFO o.s.w.s.FrameworkServlet [main] Initializing Servlet ''
2023-02-02 08:20:47,770 INFO o.s.b.a.e.w.EndpointLinksResolver [main] Exposing 1 endpoint(s) beneath base path '/actuator'
2023-02-02 08:20:47,781 INFO o.s.w.s.FrameworkServlet [main] Completed initialization in 22 ms
2023-02-02 08:20:47,847 INFO o.s.b.StartupInfoLogger [main] Started UserControllerTest in 6.663 seconds (process running for 8.563)
2023-02-02 08:20:50,116 INFO o.s.b.StartupInfoLogger [main] Starting StaticPagesControllerTest using Java 19.0.2 with PID 13239 (started by matheuz in /home/matheuz/open-source-projects/baixaIssooWebSite)
2023-02-02 08:20:50,117 INFO o.s.b.SpringApplication [main] The following 1 profile is active: "prod"
2023-02-02 08:20:50,422 INFO o.s.d.r.c.RepositoryConfigurationDelegate [main] Bootstrapping Spring Data JPA repositories in DEFAULT mode.
2023-02-02 08:20:50,432 INFO o.s.d.r.c.RepositoryConfigurationDelegate [main] Finished Spring Data repository scanning in 9 ms. Found 2 JPA repository interfaces.
2023-02-02 08:20:50,514 INFO c.z.h.HikariDataSource [main] HikariPool-2 - Starting...
2023-02-02 08:20:52,235 INFO c.z.h.p.HikariPool [main] HikariPool-2 - Added connection org.postgresql.jdbc.PgConnection@264e0b8e
2023-02-02 08:20:52,236 INFO c.z.h.HikariDataSource [main] HikariPool-2 - Start completed.
2023-02-02 08:20:52,255 INFO o.h.j.i.u.LogHelper [main] HHH000204: Processing PersistenceUnitInfo [name: default]
2023-02-02 08:20:52,257 WARN o.h.b.i.MetadataBuilderImpl$MetadataBuildingOptionsImpl [main] HHH90000021: Encountered deprecated setting [javax.persistence.sharedCache.mode], use [jakarta.persistence.sharedCache.mode] instead
2023-02-02 08:20:52,655 INFO o.h.e.j.d.i.DialectFactoryImpl [main] HHH000400: Using dialect: org.hibernate.dialect.PostgreSQLDialect
2023-02-02 08:20:53,292 INFO o.h.e.t.j.p.i.JtaPlatformInitiator [main] HHH000490: Using JtaPlatform implementation: [org.hibernate.engine.transaction.jta.platform.internal.NoJtaPlatform]
2023-02-02 08:20:53,292 INFO o.s.o.j.AbstractEntityManagerFactoryBean [main] Initialized JPA EntityManagerFactory for persistence unit 'default'
2023-02-02 08:20:53,353 WARN o.s.b.a.o.j.JpaBaseConfiguration$JpaWebConfiguration [main] spring.jpa.open-in-view is enabled by default. Therefore, database queries may be performed during view rendering. Explicitly configure spring.jpa.open-in-view to disable this warning
2023-02-02 08:20:53,363 WARN o.s.b.a.s.s.UserDetailsServiceAutoConfiguration [main] 

Using generated security password: 11e81b44-9ab6-4e6f-b446-f314d2123cd2

This generated password is for development use only. Your security configuration must be updated before running your application in production.

2023-02-02 08:20:53,382 INFO o.s.s.w.DefaultSecurityFilterChain [main] Will secure any request with [org.springframework.security.web.session.DisableEncodeUrlFilter@6f8060ac, org.springframework.security.web.context.request.async.WebAsyncManagerIntegrationFilter@308a2eb0, org.springframework.security.web.context.SecurityContextHolderFilter@2d95c3ef, org.springframework.security.web.header.HeaderWriterFilter@1bc41170, org.springframework.security.web.authentication.logout.LogoutFilter@6de6467a, org.springframework.security.web.savedrequest.RequestCacheAwareFilter@35e55afa, org.springframework.security.web.servletapi.SecurityContextHolderAwareRequestFilter@559baea1, org.springframework.security.web.authentication.AnonymousAuthenticationFilter@1df1bd44, org.springframework.security.web.access.ExceptionTranslationFilter@15beb40b, org.springframework.security.web.access.intercept.AuthorizationFilter@7aadb5e8]
2023-02-02 08:20:53,561 INFO o.s.m.w.MockServletContext [main] Initializing Spring TestDispatcherServlet ''
2023-02-02 08:20:53,561 INFO o.s.w.s.FrameworkServlet [main] Initializing Servlet ''
2023-02-02 08:20:53,566 INFO o.s.b.a.e.w.EndpointLinksResolver [main] Exposing 1 endpoint(s) beneath base path '/actuator'
2023-02-02 08:20:53,571 INFO o.s.w.s.FrameworkServlet [main] Completed initialization in 9 ms
2023-02-02 08:20:53,589 INFO o.s.b.StartupInfoLogger [main] Started StaticPagesControllerTest in 3.509 seconds (process running for 14.305)
2023-02-02 08:20:53,751 INFO o.s.t.c.s.AnnotationConfigContextLoaderUtils [main] Could not detect default configuration classes for test class [com.baixaisso.baixaissoowebsite.BaixaissoowebsiteApplicationTests]: BaixaissoowebsiteApplicationTests does not declare any static, non-private, non-final, nested classes annotated with @Configuration.
2023-02-02 08:20:53,756 INFO o.s.b.t.c.SpringBootTestContextBootstrapper [main] Found @SpringBootConfiguration com.baixaisso.baixaissoowebsite.BaixaissoowebsiteApplication for test class com.baixaisso.baixaissoowebsite.BaixaissoowebsiteApplicationTests
2023-02-02 08:20:53,785 INFO o.s.b.StartupInfoLogger [main] Starting BaixaissoowebsiteApplicationTests using Java 19.0.2 with PID 13239 (started by matheuz in /home/matheuz/open-source-projects/baixaIssooWebSite)
2023-02-02 08:20:53,786 INFO o.s.b.SpringApplication [main] The following 1 profile is active: "prod"
2023-02-02 08:20:53,978 INFO o.s.d.r.c.RepositoryConfigurationDelegate [main] Bootstrapping Spring Data JPA repositories in DEFAULT mode.
2023-02-02 08:20:53,985 INFO o.s.d.r.c.RepositoryConfigurationDelegate [main] Finished Spring Data repository scanning in 6 ms. Found 2 JPA repository interfaces.
2023-02-02 08:20:54,051 INFO c.z.h.HikariDataSource [main] HikariPool-3 - Starting...
2023-02-02 08:20:55,743 INFO c.z.h.p.HikariPool [main] HikariPool-3 - Added connection org.postgresql.jdbc.PgConnection@18b378a2
2023-02-02 08:20:55,744 INFO c.z.h.HikariDataSource [main] HikariPool-3 - Start completed.
2023-02-02 08:20:55,760 INFO o.h.j.i.u.LogHelper [main] HHH000204: Processing PersistenceUnitInfo [name: default]
2023-02-02 08:20:55,762 WARN o.h.b.i.MetadataBuilderImpl$MetadataBuildingOptionsImpl [main] HHH90000021: Encountered deprecated setting [javax.persistence.sharedCache.mode], use [jakarta.persistence.sharedCache.mode] instead
2023-02-02 08:20:56,173 INFO o.h.e.j.d.i.DialectFactoryImpl [main] HHH000400: Using dialect: org.hibernate.dialect.PostgreSQLDialect
2023-02-02 08:20:56,776 INFO o.h.e.t.j.p.i.JtaPlatformInitiator [main] HHH000490: Using JtaPlatform implementation: [org.hibernate.engine.transaction.jta.platform.internal.NoJtaPlatform]
2023-02-02 08:20:56,777 INFO o.s.o.j.AbstractEntityManagerFactoryBean [main] Initialized JPA EntityManagerFactory for persistence unit 'default'
2023-02-02 08:20:56,844 WARN o.s.b.a.o.j.JpaBaseConfiguration$JpaWebConfiguration [main] spring.jpa.open-in-view is enabled by default. Therefore, database queries may be performed during view rendering. Explicitly configure spring.jpa.open-in-view to disable this warning
2023-02-02 08:20:56,852 WARN o.s.b.a.s.s.UserDetailsServiceAutoConfiguration [main] 

Using generated security password: f857ce7c-e556-40da-8cf0-a1683fde063d

This generated password is for development use only. Your security configuration must be updated before running your application in production.

2023-02-02 08:20:56,867 INFO o.s.s.w.DefaultSecurityFilterChain [main] Will secure any request with [org.springframework.security.web.session.DisableEncodeUrlFilter@5308c994, org.springframework.security.web.context.request.async.WebAsyncManagerIntegrationFilter@4f6f6223, org.springframework.security.web.context.SecurityContextHolderFilter@5066442d, org.springframework.security.web.header.HeaderWriterFilter@51406cdd, org.springframework.security.web.authentication.logout.LogoutFilter@652f3a8c, org.springframework.security.web.savedrequest.RequestCacheAwareFilter@4a716a73, org.springframework.security.web.servletapi.SecurityContextHolderAwareRequestFilter@55fee98a, org.springframework.security.web.authentication.AnonymousAuthenticationFilter@c55b4d0, org.springframework.security.web.access.ExceptionTranslationFilter@340572ad, org.springframework.security.web.access.intercept.AuthorizationFilter@6dcf902]
2023-02-02 08:20:57,001 INFO o.s.b.a.e.w.EndpointLinksResolver [main] Exposing 1 endpoint(s) beneath base path '/actuator'
2023-02-02 08:20:57,017 INFO o.s.b.StartupInfoLogger [main] Started BaixaissoowebsiteApplicationTests in 3.25 seconds (process running for 17.733)
2023-02-02 08:20:57,043 INFO o.s.o.j.AbstractEntityManagerFactoryBean [SpringApplicationShutdownHook] Closing JPA EntityManagerFactory for persistence unit 'default'
2023-02-02 08:20:57,046 INFO c.z.h.HikariDataSource [SpringApplicationShutdownHook] HikariPool-1 - Shutdown initiated...
2023-02-02 08:20:57,962 INFO c.z.h.HikariDataSource [SpringApplicationShutdownHook] HikariPool-1 - Shutdown completed.
2023-02-02 08:20:57,967 INFO o.s.o.j.AbstractEntityManagerFactoryBean [SpringApplicationShutdownHook] Closing JPA EntityManagerFactory for persistence unit 'default'
2023-02-02 08:20:57,968 INFO c.z.h.HikariDataSource [SpringApplicationShutdownHook] HikariPool-2 - Shutdown initiated...
2023-02-02 08:20:58,877 INFO c.z.h.HikariDataSource [SpringApplicationShutdownHook] HikariPool-2 - Shutdown completed.
2023-02-02 08:20:58,881 INFO o.s.o.j.AbstractEntityManagerFactoryBean [SpringApplicationShutdownHook] Closing JPA EntityManagerFactory for persistence unit 'default'
2023-02-02 08:20:58,882 INFO c.z.h.HikariDataSource [SpringApplicationShutdownHook] HikariPool-3 - Shutdown initiated...
2023-02-02 08:21:00,017 INFO c.z.h.HikariDataSource [SpringApplicationShutdownHook] HikariPool-3 - Shutdown completed.
2023-02-02 08:23:12,597 INFO o.s.b.StartupInfoLogger [main] Starting BaixaissoowebsiteApplicationTests using Java 19.0.2 with PID 13673 (started by matheuz in /home/matheuz/open-source-projects/baixaIssooWebSite)
2023-02-02 08:23:12,599 INFO o.s.b.SpringApplication [main] The following 1 profile is active: "prod"
2023-02-02 08:23:13,444 INFO o.s.d.r.c.RepositoryConfigurationDelegate [main] Bootstrapping Spring Data JPA repositories in DEFAULT mode.
2023-02-02 08:23:13,494 INFO o.s.d.r.c.RepositoryConfigurationDelegate [main] Finished Spring Data repository scanning in 43 ms. Found 2 JPA repository interfaces.
2023-02-02 08:23:13,913 INFO c.z.h.HikariDataSource [main] HikariPool-1 - Starting...
2023-02-02 08:23:21,028 INFO c.z.h.p.HikariPool [main] HikariPool-1 - Added connection org.postgresql.jdbc.PgConnection@34cd65ac
2023-02-02 08:23:21,044 INFO c.z.h.HikariDataSource [main] HikariPool-1 - Start completed.
2023-02-02 08:23:21,170 INFO o.h.j.i.u.LogHelper [main] HHH000204: Processing PersistenceUnitInfo [name: default]
2023-02-02 08:23:21,210 INFO o.h.Version [main] HHH000412: Hibernate ORM core version 6.1.6.Final
2023-02-02 08:23:21,336 WARN o.h.b.i.MetadataBuilderImpl$MetadataBuildingOptionsImpl [main] HHH90000021: Encountered deprecated setting [javax.persistence.sharedCache.mode], use [jakarta.persistence.sharedCache.mode] instead
2023-02-02 08:23:21,853 INFO o.h.e.j.d.i.DialectFactoryImpl [main] HHH000400: Using dialect: org.hibernate.dialect.PostgreSQLDialect
2023-02-02 08:23:23,001 INFO o.h.e.t.j.p.i.JtaPlatformInitiator [main] HHH000490: Using JtaPlatform implementation: [org.hibernate.engine.transaction.jta.platform.internal.NoJtaPlatform]
2023-02-02 08:23:23,008 INFO o.s.o.j.AbstractEntityManagerFactoryBean [main] Initialized JPA EntityManagerFactory for persistence unit 'default'
2023-02-02 08:23:23,387 WARN o.s.b.a.o.j.JpaBaseConfiguration$JpaWebConfiguration [main] spring.jpa.open-in-view is enabled by default. Therefore, database queries may be performed during view rendering. Explicitly configure spring.jpa.open-in-view to disable this warning
2023-02-02 08:23:23,422 WARN o.s.b.a.s.s.UserDetailsServiceAutoConfiguration [main] 

Using generated security password: 49b14fb8-3840-494f-a829-e8400dbea69d

This generated password is for development use only. Your security configuration must be updated before running your application in production.

2023-02-02 08:23:23,556 INFO o.s.s.w.DefaultSecurityFilterChain [main] Will secure any request with [org.springframework.security.web.session.DisableEncodeUrlFilter@5b58f639, org.springframework.security.web.context.request.async.WebAsyncManagerIntegrationFilter@4d529dbf, org.springframework.security.web.context.SecurityContextHolderFilter@4e312811, org.springframework.security.web.header.HeaderWriterFilter@35d145fb, org.springframework.security.web.authentication.logout.LogoutFilter@6d70e68b, org.springframework.security.web.savedrequest.RequestCacheAwareFilter@77511e9c, org.springframework.security.web.servletapi.SecurityContextHolderAwareRequestFilter@79e28671, org.springframework.security.web.authentication.AnonymousAuthenticationFilter@76641439, org.springframework.security.web.access.ExceptionTranslationFilter@42d96745, org.springframework.security.web.access.intercept.AuthorizationFilter@753c7411]
2023-02-02 08:23:24,186 INFO o.s.b.a.e.w.EndpointLinksResolver [main] Exposing 1 endpoint(s) beneath base path '/actuator'
2023-02-02 08:23:24,270 INFO o.s.b.StartupInfoLogger [main] Started BaixaissoowebsiteApplicationTests in 12.02 seconds (process running for 12.815)
2023-02-02 08:23:24,546 INFO o.s.o.j.AbstractEntityManagerFactoryBean [SpringApplicationShutdownHook] Closing JPA EntityManagerFactory for persistence unit 'default'
2023-02-02 08:23:24,550 INFO c.z.h.HikariDataSource [SpringApplicationShutdownHook] HikariPool-1 - Shutdown initiated...
2023-02-02 08:23:25,419 INFO c.z.h.HikariDataSource [SpringApplicationShutdownHook] HikariPool-1 - Shutdown completed.
2023-02-02 08:23:48,341 INFO o.s.b.StartupInfoLogger [main] Starting BaixaissoowebsiteApplicationTests using Java 19.0.2 with PID 13816 (started by matheuz in /home/matheuz/open-source-projects/baixaIssooWebSite)
2023-02-02 08:23:48,343 INFO o.s.b.SpringApplication [main] The following 1 profile is active: "prod"
2023-02-02 08:23:49,240 INFO o.s.d.r.c.RepositoryConfigurationDelegate [main] Bootstrapping Spring Data JPA repositories in DEFAULT mode.
2023-02-02 08:23:49,293 INFO o.s.d.r.c.RepositoryConfigurationDelegate [main] Finished Spring Data repository scanning in 46 ms. Found 2 JPA repository interfaces.
2023-02-02 08:23:49,680 INFO c.z.h.HikariDataSource [main] HikariPool-1 - Starting...
2023-02-02 08:23:51,759 INFO c.z.h.p.HikariPool [main] HikariPool-1 - Added connection org.postgresql.jdbc.PgConnection@74431b9c
2023-02-02 08:23:51,762 INFO c.z.h.HikariDataSource [main] HikariPool-1 - Start completed.
2023-02-02 08:23:51,877 INFO o.h.j.i.u.LogHelper [main] HHH000204: Processing PersistenceUnitInfo [name: default]
2023-02-02 08:23:51,918 INFO o.h.Version [main] HHH000412: Hibernate ORM core version 6.1.6.Final
2023-02-02 08:23:52,045 WARN o.h.b.i.MetadataBuilderImpl$MetadataBuildingOptionsImpl [main] HHH90000021: Encountered deprecated setting [javax.persistence.sharedCache.mode], use [jakarta.persistence.sharedCache.mode] instead
2023-02-02 08:23:52,550 INFO o.h.e.j.d.i.DialectFactoryImpl [main] HHH000400: Using dialect: org.hibernate.dialect.PostgreSQLDialect
2023-02-02 08:23:53,731 INFO o.h.e.t.j.p.i.JtaPlatformInitiator [main] HHH000490: Using JtaPlatform implementation: [org.hibernate.engine.transaction.jta.platform.internal.NoJtaPlatform]
2023-02-02 08:23:53,738 INFO o.s.o.j.AbstractEntityManagerFactoryBean [main] Initialized JPA EntityManagerFactory for persistence unit 'default'
2023-02-02 08:23:54,145 WARN o.s.b.a.o.j.JpaBaseConfiguration$JpaWebConfiguration [main] spring.jpa.open-in-view is enabled by default. Therefore, database queries may be performed during view rendering. Explicitly configure spring.jpa.open-in-view to disable this warning
2023-02-02 08:23:54,179 WARN o.s.b.a.s.s.UserDetailsServiceAutoConfiguration [main] 

Using generated security password: c4a9ad36-efe9-49c3-94ba-ed7c272d4373

This generated password is for development use only. Your security configuration must be updated before running your application in production.

2023-02-02 08:23:54,322 INFO o.s.s.w.DefaultSecurityFilterChain [main] Will secure any request with [org.springframework.security.web.session.DisableEncodeUrlFilter@729de0e1, org.springframework.security.web.context.request.async.WebAsyncManagerIntegrationFilter@2c8c42c, org.springframework.security.web.context.SecurityContextHolderFilter@2530baf6, org.springframework.security.web.header.HeaderWriterFilter@ad6255e, org.springframework.security.web.authentication.logout.LogoutFilter@5cd2adc7, org.springframework.security.web.savedrequest.RequestCacheAwareFilter@4402ed61, org.springframework.security.web.servletapi.SecurityContextHolderAwareRequestFilter@3e574f9c, org.springframework.security.web.authentication.AnonymousAuthenticationFilter@5032b2e, org.springframework.security.web.access.ExceptionTranslationFilter@35d145fb, org.springframework.security.web.access.intercept.AuthorizationFilter@38991781]
2023-02-02 08:23:54,945 INFO o.s.b.a.e.w.EndpointLinksResolver [main] Exposing 1 endpoint(s) beneath base path '/actuator'
2023-02-02 08:23:55,034 INFO o.s.b.StartupInfoLogger [main] Started BaixaissoowebsiteApplicationTests in 7.037 seconds (process running for 7.774)
2023-02-02 08:23:55,285 INFO o.s.o.j.AbstractEntityManagerFactoryBean [SpringApplicationShutdownHook] Closing JPA EntityManagerFactory for persistence unit 'default'
2023-02-02 08:23:55,290 INFO c.z.h.HikariDataSource [SpringApplicationShutdownHook] HikariPool-1 - Shutdown initiated...
2023-02-02 08:23:56,102 INFO c.z.h.HikariDataSource [SpringApplicationShutdownHook] HikariPool-1 - Shutdown completed.
